<?xml version="1.0" encoding="UTF-8"?>
<coverage generated="1783351901318" clover="3.2.0">
  <project timestamp="1783351901318" name="All files">
    <metrics statements="444" coveredstatements="326" conditionals="360" coveredconditionals="222" methods="53" coveredmethods="44" elements="857" coveredelements="592" complexity="0" loc="444" ncloc="444" packages="1" files="1" classes="1"/>
    <file name="server.js" path="/home/kalppatel/Desktop/hack2skill/server.js">
      <metrics statements="444" coveredstatements="326" conditionals="360" coveredconditionals="222" methods="53" coveredmethods="44"/>
      <line num="12" count="1" type="stmt"/>
      <line num="13" count="1" type="stmt"/>
      <line num="14" count="1" type="stmt"/>
      <line num="15" count="1" type="stmt"/>
      <line num="16" count="1" type="stmt"/>
      <line num="17" count="1" type="stmt"/>
      <line num="18" count="1" type="stmt"/>
      <line num="20" count="1" type="stmt"/>
      <line num="28" count="1" type="stmt"/>
      <line num="29" count="11" type="stmt"/>
      <line num="30" count="11" type="stmt"/>
      <line num="31" count="11" type="cond" truecount="1" falsecount="1"/>
      <line num="32" count="0" type="stmt"/>
      <line num="33" count="11" type="cond" truecount="2" falsecount="0"/>
      <line num="34" count="2" type="stmt"/>
      <line num="36" count="9" type="stmt"/>
      <line num="44" count="1" type="stmt"/>
      <line num="45" count="1" type="cond" truecount="2" falsecount="0"/>
      <line num="46" count="1" type="cond" truecount="1" falsecount="1"/>
      <line num="47" count="1" type="stmt"/>
      <line num="49" count="0" type="stmt"/>
      <line num="51" count="1" type="stmt"/>
      <line num="53" count="1" type="stmt"/>
      <line num="55" count="1" type="stmt"/>
      <line num="56" count="1" type="stmt"/>
      <line num="57" count="1" type="stmt"/>
      <line num="60" count="1" type="cond" truecount="2" falsecount="0"/>
      <line num="67" count="1" type="stmt"/>
      <line num="68" count="36" type="stmt"/>
      <line num="69" count="36" type="stmt"/>
      <line num="70" count="36" type="stmt"/>
      <line num="71" count="36" type="stmt"/>
      <line num="72" count="36" type="stmt"/>
      <line num="73" count="36" type="stmt"/>
      <line num="74" count="36" type="stmt"/>
      <line num="75" count="36" type="stmt"/>
      <line num="85" count="36" type="stmt"/>
      <line num="92" count="1" type="stmt"/>
      <line num="93" count="36" type="stmt"/>
      <line num="98" count="36" type="stmt"/>
      <line num="99" count="36" type="cond" truecount="2" falsecount="2"/>
      <line num="100" count="0" type="stmt"/>
      <line num="102" count="36" type="stmt"/>
      <line num="103" count="36" type="stmt"/>
      <line num="104" count="36" type="stmt"/>
      <line num="105" count="36" type="cond" truecount="1" falsecount="1"/>
      <line num="106" count="0" type="stmt"/>
      <line num="108" count="36" type="stmt"/>
      <line num="117" count="1" type="stmt"/>
      <line num="118" count="60" type="cond" truecount="2" falsecount="0"/>
      <line num="119" count="58" type="stmt"/>
      <line num="133" count="1" type="stmt"/>
      <line num="134" count="1" type="stmt"/>
      <line num="135" count="36" type="cond" truecount="1" falsecount="1"/>
      <line num="136" count="36" type="stmt"/>
      <line num="137" count="36" type="cond" truecount="2" falsecount="0"/>
      <line num="138" count="1" type="stmt"/>
      <line num="140" count="630" type="stmt"/>
      <line num="141" count="36" type="cond" truecount="1" falsecount="1"/>
      <line num="142" count="0" type="stmt"/>
      <line num="147" count="36" type="stmt"/>
      <line num="148" count="36" type="stmt"/>
      <line num="152" count="1" type="stmt"/>
      <line num="154" count="1" type="stmt"/>
      <line num="158" count="1" type="stmt"/>
      <line num="167" count="1" type="stmt"/>
      <line num="170" count="1" type="stmt"/>
      <line num="171" count="5" type="stmt"/>
      <line num="172" count="5" type="stmt"/>
      <line num="173" count="5" type="stmt"/>
      <line num="174" count="5" type="stmt"/>
      <line num="176" count="0" type="stmt"/>
      <line num="177" count="0" type="stmt"/>
      <line num="187" count="1" type="stmt"/>
      <line num="188" count="26" type="cond" truecount="1" falsecount="1"/>
      <line num="189" count="0" type="stmt"/>
      <line num="190" count="0" type="stmt"/>
      <line num="192" count="26" type="stmt"/>
      <line num="202" count="1" type="stmt"/>
      <line num="203" count="11" type="cond" truecount="1" falsecount="1"/>
      <line num="204" count="0" type="stmt"/>
      <line num="205" count="0" type="stmt"/>
      <line num="209" count="11" type="stmt"/>
      <line num="212" count="11" type="stmt"/>
      <line num="213" count="11" type="stmt"/>
      <line num="214" count="11" type="cond" truecount="1" falsecount="1"/>
      <line num="215" count="0" type="stmt"/>
      <line num="218" count="11" type="stmt"/>
      <line num="226" count="1" type="stmt"/>
      <line num="227" count="16" type="stmt"/>
      <line num="228" count="16" type="stmt"/>
      <line num="229" count="0" type="cond" truecount="0" falsecount="2"/>
      <line num="230" count="0" type="stmt"/>
      <line num="236" count="1" type="stmt"/>
      <line num="237" count="0" type="stmt"/>
      <line num="238" count="0" type="stmt"/>
      <line num="240" count="0" type="stmt"/>
      <line num="241" count="0" type="stmt"/>
      <line num="248" count="1" type="stmt"/>
      <line num="249" count="2" type="stmt"/>
      <line num="253" count="1" type="stmt"/>
      <line num="254" count="4" type="stmt"/>
      <line num="255" count="4" type="stmt"/>
      <line num="256" count="4" type="stmt"/>
      <line num="257" count="4" type="stmt"/>
      <line num="260" count="4" type="cond" truecount="2" falsecount="0"/>
      <line num="261" count="1" type="stmt"/>
      <line num="263" count="3" type="stmt"/>
      <line num="264" count="3" type="cond" truecount="4" falsecount="0"/>
      <line num="265" count="1" type="stmt"/>
      <line num="268" count="2" type="stmt"/>
      <line num="269" count="2" type="cond" truecount="1" falsecount="1"/>
      <line num="271" count="4" type="stmt"/>
      <line num="272" count="2" type="cond" truecount="2" falsecount="0"/>
      <line num="274" count="1" type="cond" truecount="1" falsecount="1"/>
      <line num="275" count="1" type="cond" truecount="1" falsecount="1"/>
      <line num="276" count="1" type="cond" truecount="1" falsecount="1"/>
      <line num="277" count="1" type="stmt"/>
      <line num="279" count="1" type="cond" truecount="1" falsecount="1"/>
      <line num="280" count="1" type="stmt"/>
      <line num="281" count="1" type="stmt"/>
      <line num="282" count="1" type="stmt"/>
      <line num="284" count="0" type="stmt"/>
      <line num="289" count="1" type="stmt"/>
      <line num="290" count="1" type="stmt"/>
      <line num="294" count="1" type="stmt"/>
      <line num="295" count="2" type="stmt"/>
      <line num="296" count="2" type="stmt"/>
      <line num="297" count="2" type="cond" truecount="2" falsecount="0"/>
      <line num="300" count="2" type="cond" truecount="1" falsecount="1"/>
      <line num="301" count="0" type="stmt"/>
      <line num="303" count="2" type="cond" truecount="1" falsecount="1"/>
      <line num="304" count="0" type="stmt"/>
      <line num="307" count="2" type="stmt"/>
      <line num="308" count="2" type="cond" truecount="1" falsecount="1"/>
      <line num="310" count="3" type="stmt"/>
      <line num="311" count="2" type="cond" truecount="2" falsecount="0"/>
      <line num="312" count="1" type="stmt"/>
      <line num="315" count="1" type="stmt"/>
      <line num="316" count="1" type="stmt"/>
      <line num="317" count="1" type="stmt"/>
      <line num="318" count="1" type="stmt"/>
      <line num="319" count="1" type="stmt"/>
      <line num="320" count="1" type="stmt"/>
      <line num="324" count="1" type="stmt"/>
      <line num="325" count="1" type="stmt"/>
      <line num="329" count="1" type="stmt"/>
      <line num="330" count="4" type="stmt"/>
      <line num="331" count="4" type="stmt"/>
      <line num="332" count="4" type="stmt"/>
      <line num="335" count="4" type="stmt"/>
      <line num="336" count="4" type="cond" truecount="3" falsecount="1"/>
      <line num="337" count="0" type="stmt"/>
      <line num="340" count="4" type="cond" truecount="1" falsecount="1"/>
      <line num="342" count="4" type="stmt"/>
      <line num="353" count="4" type="stmt"/>
      <line num="354" count="4" type="cond" truecount="1" falsecount="1"/>
      <line num="355" count="4" type="stmt"/>
      <line num="356" count="4" type="stmt"/>
      <line num="357" count="4" type="stmt"/>
      <line num="359" count="0" type="stmt"/>
      <line num="364" count="1" type="stmt"/>
      <line num="365" count="2" type="stmt"/>
      <line num="368" count="2" type="cond" truecount="1" falsecount="1"/>
      <line num="369" count="0" type="stmt"/>
      <line num="372" count="2" type="stmt"/>
      <line num="373" count="2" type="cond" truecount="1" falsecount="1"/>
      <line num="375" count="6" type="stmt"/>
      <line num="376" count="2" type="cond" truecount="2" falsecount="0"/>
      <line num="378" count="1" type="stmt"/>
      <line num="379" count="1" type="stmt"/>
      <line num="381" count="1" type="stmt"/>
      <line num="382" count="1" type="stmt"/>
      <line num="384" count="1" type="cond" truecount="1" falsecount="1"/>
      <line num="385" count="1" type="stmt"/>
      <line num="386" count="1" type="stmt"/>
      <line num="387" count="1" type="stmt"/>
      <line num="389" count="0" type="stmt"/>
      <line num="394" count="1" type="stmt"/>
      <line num="395" count="1" type="stmt"/>
      <line num="405" count="1" type="stmt"/>
      <line num="416" count="1" type="stmt"/>
      <line num="424" count="1" type="stmt"/>
      <line num="425" count="1" type="stmt"/>
      <line num="426" count="1" type="stmt"/>
      <line num="428" count="1" type="stmt"/>
      <line num="429" count="1" type="stmt"/>
      <line num="430" count="1" type="stmt"/>
      <line num="434" count="1" type="stmt"/>
      <line num="435" count="2" type="stmt"/>
      <line num="436" count="2" type="cond" truecount="2" falsecount="0"/>
      <line num="437" count="1" type="stmt"/>
      <line num="438" count="1" type="stmt"/>
      <line num="439" count="1" type="stmt"/>
      <line num="443" count="1" type="stmt"/>
      <line num="467" count="1" type="stmt"/>
      <line num="497" count="1" type="stmt"/>
      <line num="498" count="1" type="stmt"/>
      <line num="499" count="1" type="cond" truecount="1" falsecount="1"/>
      <line num="500" count="1" type="cond" truecount="1" falsecount="1"/>
      <line num="501" count="0" type="stmt"/>
      <line num="502" count="0" type="cond" truecount="0" falsecount="2"/>
      <line num="504" count="1" type="stmt"/>
      <line num="512" count="1" type="stmt"/>
      <line num="513" count="1" type="cond" truecount="1" falsecount="1"/>
      <line num="521" count="1" type="stmt"/>
      <line num="522" count="1" type="stmt"/>
      <line num="523" count="1" type="cond" truecount="1" falsecount="1"/>
      <line num="524" count="1" type="stmt"/>
      <line num="525" count="1" type="cond" truecount="1" falsecount="1"/>
      <line num="535" count="1" type="stmt"/>
      <line num="536" count="0" type="cond" truecount="0" falsecount="2"/>
      <line num="537" count="0" type="stmt"/>
      <line num="547" count="0" type="stmt"/>
      <line num="548" count="0" type="stmt"/>
      <line num="549" count="0" type="stmt"/>
      <line num="550" count="0" type="stmt"/>
      <line num="560" count="1" type="stmt"/>
      <line num="561" count="1" type="cond" truecount="1" falsecount="1"/>
      <line num="562" count="1" type="stmt"/>
      <line num="563" count="5" type="stmt"/>
      <line num="564" count="5" type="cond" truecount="2" falsecount="2"/>
      <line num="565" count="5" type="cond" truecount="2" falsecount="2"/>
      <line num="566" count="5" type="cond" truecount="5" falsecount="0"/>
      <line num="567" count="5" type="stmt"/>
      <line num="577" count="1" type="stmt"/>
      <line num="578" count="2" type="cond" truecount="1" falsecount="1"/>
      <line num="579" count="10" type="stmt"/>
      <line num="580" count="2" type="cond" truecount="2" falsecount="0"/>
      <line num="582" count="1" type="stmt"/>
      <line num="583" count="1" type="stmt"/>
      <line num="584" count="1" type="stmt"/>
      <line num="585" count="1" type="cond" truecount="1" falsecount="1"/>
      <line num="587" count="1" type="stmt"/>
      <line num="588" count="1" type="stmt"/>
      <line num="589" count="1" type="stmt"/>
      <line num="600" count="1" type="stmt"/>
      <line num="601" count="3" type="stmt"/>
      <line num="602" count="3" type="stmt"/>
      <line num="603" count="3" type="cond" truecount="3" falsecount="1"/>
      <line num="606" count="3" type="stmt"/>
      <line num="607" count="3" type="stmt"/>
      <line num="608" count="3" type="cond" truecount="1" falsecount="1"/>
      <line num="609" count="0" type="stmt"/>
      <line num="610" count="3" type="cond" truecount="1" falsecount="1"/>
      <line num="611" count="0" type="stmt"/>
      <line num="615" count="9" type="stmt"/>
      <line num="616" count="3" type="stmt"/>
      <line num="618" count="3" type="stmt"/>
      <line num="619" count="3" type="stmt"/>
      <line num="621" count="3" type="cond" truecount="1" falsecount="1"/>
      <line num="622" count="3" type="stmt"/>
      <line num="623" count="6" type="cond" truecount="1" falsecount="1"/>
      <line num="624" count="6" type="cond" truecount="1" falsecount="1"/>
      <line num="625" count="6" type="cond" truecount="2" falsecount="0"/>
      <line num="627" count="0" type="stmt"/>
      <line num="631" count="3" type="cond" truecount="3" falsecount="1"/>
      <line num="632" count="9" type="stmt"/>
      <line num="633" count="3" type="stmt"/>
      <line num="634" count="3" type="stmt"/>
      <line num="635" count="3" type="cond" truecount="3" falsecount="1"/>
      <line num="636" count="3" type="stmt"/>
      <line num="637" count="3" type="stmt"/>
      <line num="638" count="3" type="stmt"/>
      <line num="643" count="3" type="stmt"/>
      <line num="644" count="3" type="cond" truecount="1" falsecount="1"/>
      <line num="648" count="3" type="cond" truecount="1" falsecount="1"/>
      <line num="649" count="3" type="stmt"/>
      <line num="651" count="3" type="cond" truecount="1" falsecount="1"/>
      <line num="652" count="3" type="cond" truecount="1" falsecount="1"/>
      <line num="654" count="3" type="stmt"/>
      <line num="668" count="3" type="stmt"/>
      <line num="669" count="3" type="stmt"/>
      <line num="673" count="1" type="stmt"/>
      <line num="674" count="16" type="stmt"/>
      <line num="675" count="16" type="stmt"/>
      <line num="676" count="16" type="stmt"/>
      <line num="677" count="16" type="stmt"/>
      <line num="678" count="16" type="stmt"/>
      <line num="679" count="16" type="stmt"/>
      <line num="681" count="16" type="cond" truecount="2" falsecount="0"/>
      <line num="682" count="16" type="cond" truecount="1" falsecount="1"/>
      <line num="687" count="16" type="stmt"/>
      <line num="689" count="16" type="cond" truecount="1" falsecount="1"/>
      <line num="690" count="0" type="stmt"/>
      <line num="691" count="0" type="stmt"/>
      <line num="692" count="0" type="stmt"/>
      <line num="694" count="0" type="stmt"/>
      <line num="700" count="16" type="stmt"/>
      <line num="701" count="16" type="stmt"/>
      <line num="706" count="0" type="stmt"/>
      <line num="707" count="0" type="cond" truecount="0" falsecount="2"/>
      <line num="711" count="0" type="stmt"/>
      <line num="716" count="0" type="stmt"/>
      <line num="814" count="0" type="stmt"/>
      <line num="815" count="0" type="stmt"/>
      <line num="816" count="0" type="cond" truecount="0" falsecount="2"/>
      <line num="817" count="0" type="cond" truecount="0" falsecount="2"/>
      <line num="818" count="0" type="cond" truecount="0" falsecount="2"/>
      <line num="819" count="0" type="stmt"/>
      <line num="826" count="0" type="stmt"/>
      <line num="832" count="0" type="stmt"/>
      <line num="833" count="0" type="stmt"/>
      <line num="834" count="0" type="stmt"/>
      <line num="836" count="0" type="cond" truecount="0" falsecount="3"/>
      <line num="837" count="0" type="stmt"/>
      <line num="838" count="0" type="stmt"/>
      <line num="840" count="0" type="stmt"/>
      <line num="841" count="0" type="stmt"/>
      <line num="842" count="0" type="stmt"/>
      <line num="845" count="0" type="stmt"/>
      <line num="847" count="0" type="stmt"/>
      <line num="848" count="0" type="cond" truecount="0" falsecount="2"/>
      <line num="849" count="0" type="stmt"/>
      <line num="850" count="0" type="cond" truecount="0" falsecount="2"/>
      <line num="851" count="0" type="stmt"/>
      <line num="852" count="0" type="cond" truecount="0" falsecount="2"/>
      <line num="854" count="0" type="cond" truecount="0" falsecount="3"/>
      <line num="855" count="0" type="stmt"/>
      <line num="856" count="0" type="cond" truecount="0" falsecount="2"/>
      <line num="857" count="0" type="stmt"/>
      <line num="858" count="0" type="cond" truecount="0" falsecount="2"/>
      <line num="859" count="0" type="stmt"/>
      <line num="860" count="0" type="cond" truecount="0" falsecount="2"/>
      <line num="861" count="0" type="stmt"/>
      <line num="862" count="0" type="cond" truecount="0" falsecount="2"/>
      <line num="863" count="0" type="stmt"/>
      <line num="865" count="0" type="stmt"/>
      <line num="868" count="0" type="stmt"/>
      <line num="869" count="0" type="stmt"/>
      <line num="872" count="0" type="stmt"/>
      <line num="880" count="0" type="stmt"/>
      <line num="881" count="0" type="stmt"/>
      <line num="884" count="0" type="stmt"/>
      <line num="889" count="16" type="stmt"/>
      <line num="890" count="16" type="cond" truecount="2" falsecount="0"/>
      <line num="892" count="16" type="cond" truecount="2" falsecount="0"/>
      <line num="893" count="11" type="cond" truecount="9" falsecount="0"/>
      <line num="894" count="11" type="cond" truecount="7" falsecount="0"/>
      <line num="897" count="11" type="cond" truecount="8" falsecount="0"/>
      <line num="898" count="1" type="stmt"/>
      <line num="899" count="1" type="cond" truecount="1" falsecount="1"/>
      <line num="900" count="0" type="stmt"/>
      <line num="901" count="1" type="cond" truecount="1" falsecount="1"/>
      <line num="902" count="0" type="stmt"/>
      <line num="904" count="1" type="stmt"/>
      <line num="909" count="10" type="cond" truecount="8" falsecount="0"/>
      <line num="910" count="1" type="stmt"/>
      <line num="911" count="2" type="cond" truecount="2" falsecount="0"/>
      <line num="912" count="1" type="cond" truecount="1" falsecount="1"/>
      <line num="913" count="0" type="stmt"/>
      <line num="914" count="1" type="cond" truecount="1" falsecount="1"/>
      <line num="915" count="0" type="stmt"/>
      <line num="917" count="1" type="stmt"/>
      <line num="922" count="9" type="stmt"/>
      <line num="923" count="9" type="cond" truecount="2" falsecount="0"/>
      <line num="924" count="3" type="stmt"/>
      <line num="925" count="3" type="stmt"/>
      <line num="928" count="3" type="stmt"/>
      <line num="930" count="3" type="cond" truecount="2" falsecount="0"/>
      <line num="931" count="1" type="stmt"/>
      <line num="932" count="2" type="cond" truecount="1" falsecount="1"/>
      <line num="933" count="2" type="stmt"/>
      <line num="935" count="0" type="stmt"/>
      <line num="940" count="6" type="cond" truecount="7" falsecount="0"/>
      <line num="941" count="1" type="cond" truecount="1" falsecount="1"/>
      <line num="942" count="0" type="stmt"/>
      <line num="943" count="1" type="cond" truecount="1" falsecount="1"/>
      <line num="944" count="0" type="stmt"/>
      <line num="946" count="1" type="stmt"/>
      <line num="950" count="5" type="cond" truecount="9" falsecount="0"/>
      <line num="951" count="1" type="cond" truecount="1" falsecount="1"/>
      <line num="952" count="0" type="stmt"/>
      <line num="953" count="1" type="cond" truecount="1" falsecount="1"/>
      <line num="954" count="0" type="stmt"/>
      <line num="956" count="1" type="stmt"/>
      <line num="960" count="4" type="cond" truecount="7" falsecount="0"/>
      <line num="961" count="1" type="cond" truecount="1" falsecount="1"/>
      <line num="962" count="0" type="stmt"/>
      <line num="963" count="1" type="cond" truecount="1" falsecount="1"/>
      <line num="964" count="0" type="stmt"/>
      <line num="966" count="1" type="stmt"/>
      <line num="970" count="3" type="cond" truecount="6" falsecount="0"/>
      <line num="971" count="1" type="cond" truecount="1" falsecount="1"/>
      <line num="972" count="0" type="stmt"/>
      <line num="973" count="1" type="cond" truecount="1" falsecount="1"/>
      <line num="974" count="0" type="stmt"/>
      <line num="976" count="1" type="stmt"/>
      <line num="981" count="2" type="cond" truecount="4" falsecount="5"/>
      <line num="982" count="1" type="cond" truecount="1" falsecount="1"/>
      <line num="983" count="0" type="stmt"/>
      <line num="985" count="1" type="stmt"/>
      <line num="990" count="1" type="cond" truecount="4" falsecount="6"/>
      <line num="991" count="1" type="cond" truecount="1" falsecount="1"/>
      <line num="992" count="0" type="stmt"/>
      <line num="994" count="1" type="stmt"/>
      <line num="998" count="0" type="cond" truecount="0" falsecount="2"/>
      <line num="999" count="0" type="stmt"/>
      <line num="1001" count="0" type="stmt"/>
      <line num="1007" count="5" type="cond" truecount="1" falsecount="1"/>
      <line num="1009" count="5" type="cond" truecount="6" falsecount="0"/>
      <line num="1010" count="1" type="stmt"/>
      <line num="1011" count="3" type="stmt"/>
      <line num="1012" count="3" type="stmt"/>
      <line num="1014" count="1" type="cond" truecount="1" falsecount="1"/>
      <line num="1015" count="0" type="stmt"/>
      <line num="1016" count="1" type="cond" truecount="1" falsecount="1"/>
      <line num="1017" count="1" type="stmt"/>
      <line num="1019" count="0" type="stmt"/>
      <line num="1024" count="4" type="cond" truecount="8" falsecount="0"/>
      <line num="1025" count="1" type="stmt"/>
      <line num="1026" count="4" type="stmt"/>
      <line num="1027" count="4" type="stmt"/>
      <line num="1029" count="1" type="cond" truecount="1" falsecount="1"/>
      <line num="1030" count="0" type="stmt"/>
      <line num="1031" count="1" type="cond" truecount="1" falsecount="1"/>
      <line num="1032" count="1" type="stmt"/>
      <line num="1033" count="0" type="cond" truecount="0" falsecount="2"/>
      <line num="1034" count="0" type="stmt"/>
      <line num="1036" count="0" type="stmt"/>
      <line num="1041" count="3" type="cond" truecount="3" falsecount="0"/>
      <line num="1042" count="3" type="stmt"/>
      <line num="1043" count="3" type="cond" truecount="4" falsecount="0"/>
      <line num="1044" count="2" type="stmt"/>
      <line num="1045" count="2" type="stmt"/>
      <line num="1046" count="2" type="cond" truecount="2" falsecount="0"/>
      <line num="1047" count="1" type="stmt"/>
      <line num="1049" count="1" type="stmt"/>
      <line num="1052" count="1" type="stmt"/>
      <line num="1055" count="0" type="stmt"/>
      <line num="1059" count="1" type="stmt"/>
      <line num="1060" count="1" type="stmt"/>
      <line num="1070" count="1" type="stmt"/>
      <line num="1071" count="0" type="stmt"/>
      <line num="1072" count="0" type="cond" truecount="0" falsecount="2"/>
      <line num="1073" count="0" type="stmt"/>
      <line num="1079" count="1" type="cond" truecount="1" falsecount="1"/>
      <line num="1080" count="0" type="stmt"/>
      <line num="1081" count="0" type="stmt"/>
      <line num="1082" count="0" type="stmt"/>
      <line num="1083" count="0" type="stmt"/>
      <line num="1084" count="0" type="stmt"/>
      <line num="1085" count="0" type="stmt"/>
      <line num="1089" count="1" type="stmt"/>
    </file>
  </project>
</coverage>
