{"/home/kalppatel/Desktop/hack2skill/server.js": {"path":"/home/kalppatel/Desktop/hack2skill/server.js","statementMap":{"0":{"start":{"line":12,"column":16},"end":{"line":12,"column":34}},"1":{"start":{"line":13,"column":13},"end":{"line":13,"column":28}},"2":{"start":{"line":14,"column":18},"end":{"line":14,"column":31}},"3":{"start":{"line":15,"column":13},"end":{"line":15,"column":28}},"4":{"start":{"line":16,"column":11},"end":{"line":16,"column":24}},"5":{"start":{"line":17,"column":15},"end":{"line":17,"column":32}},"6":{"start":{"line":18,"column":31},"end":{"line":18,"column":63}},"7":{"start":{"line":20,"column":0},"end":{"line":20,"column":16}},"8":{"start":{"line":28,"column":12},"end":{"line":38,"column":1}},"9":{"start":{"line":29,"column":20},"end":{"line":29,"column":44}},"10":{"start":{"line":30,"column":17},"end":{"line":30,"column":56}},"11":{"start":{"line":31,"column":2},"end":{"line":37,"column":3}},"12":{"start":{"line":32,"column":4},"end":{"line":32,"column":42}},"13":{"start":{"line":33,"column":9},"end":{"line":37,"column":3}},"14":{"start":{"line":34,"column":4},"end":{"line":34,"column":41}},"15":{"start":{"line":36,"column":4},"end":{"line":36,"column":40}},"16":{"start":{"line":44,"column":28},"end":{"line":52,"column":1}},"17":{"start":{"line":45,"column":15},"end":{"line":45,"column":39}},"18":{"start":{"line":46,"column":2},"end":{"line":50,"column":3}},"19":{"start":{"line":47,"column":4},"end":{"line":47,"column":87}},"20":{"start":{"line":49,"column":4},"end":{"line":49,"column":84}},"21":{"start":{"line":51,"column":2},"end":{"line":51,"column":49}},"22":{"start":{"line":53,"column":0},"end":{"line":53,"column":22}},"23":{"start":{"line":55,"column":12},"end":{"line":55,"column":21}},"24":{"start":{"line":56,"column":15},"end":{"line":56,"column":37}},"25":{"start":{"line":57,"column":12},"end":{"line":57,"column":44}},"26":{"start":{"line":60,"column":13},"end":{"line":60,"column":37}},"27":{"start":{"line":67,"column":0},"end":{"line":86,"column":3}},"28":{"start":{"line":68,"column":2},"end":{"line":68,"column":43}},"29":{"start":{"line":69,"column":2},"end":{"line":69,"column":53}},"30":{"start":{"line":70,"column":2},"end":{"line":70,"column":53}},"31":{"start":{"line":71,"column":2},"end":{"line":71,"column":70}},"32":{"start":{"line":72,"column":2},"end":{"line":72,"column":84}},"33":{"start":{"line":73,"column":2},"end":{"line":73,"column":86}},"34":{"start":{"line":74,"column":2},"end":{"line":74,"column":61}},"35":{"start":{"line":75,"column":2},"end":{"line":84,"column":4}},"36":{"start":{"line":85,"column":2},"end":{"line":85,"column":9}},"37":{"start":{"line":92,"column":0},"end":{"line":109,"column":3}},"38":{"start":{"line":93,"column":25},"end":{"line":97,"column":3}},"39":{"start":{"line":98,"column":17},"end":{"line":98,"column":35}},"40":{"start":{"line":99,"column":2},"end":{"line":101,"column":3}},"41":{"start":{"line":100,"column":4},"end":{"line":100,"column":57}},"42":{"start":{"line":102,"column":2},"end":{"line":102,"column":70}},"43":{"start":{"line":103,"column":2},"end":{"line":103,"column":79}},"44":{"start":{"line":104,"column":2},"end":{"line":104,"column":51}},"45":{"start":{"line":105,"column":2},"end":{"line":107,"column":3}},"46":{"start":{"line":106,"column":4},"end":{"line":106,"column":33}},"47":{"start":{"line":108,"column":2},"end":{"line":108,"column":9}},"48":{"start":{"line":117,"column":22},"end":{"line":126,"column":1}},"49":{"start":{"line":118,"column":2},"end":{"line":118,"column":42}},"50":{"start":{"line":118,"column":31},"end":{"line":118,"column":42}},"51":{"start":{"line":119,"column":2},"end":{"line":125,"column":30}},"52":{"start":{"line":133,"column":24},"end":{"line":133,"column":26}},"53":{"start":{"line":134,"column":0},"end":{"line":149,"column":3}},"54":{"start":{"line":135,"column":13},"end":{"line":135,"column":51}},"55":{"start":{"line":136,"column":14},"end":{"line":136,"column":24}},"56":{"start":{"line":137,"column":2},"end":{"line":139,"column":3}},"57":{"start":{"line":138,"column":4},"end":{"line":138,"column":29}},"58":{"start":{"line":140,"column":2},"end":{"line":140,"column":73}},"59":{"start":{"line":140,"column":56},"end":{"line":140,"column":71}},"60":{"start":{"line":141,"column":2},"end":{"line":146,"column":3}},"61":{"start":{"line":142,"column":4},"end":{"line":145,"column":7}},"62":{"start":{"line":147,"column":2},"end":{"line":147,"column":32}},"63":{"start":{"line":148,"column":2},"end":{"line":148,"column":9}},"64":{"start":{"line":152,"column":0},"end":{"line":152,"column":42}},"65":{"start":{"line":154,"column":0},"end":{"line":154,"column":56}},"66":{"start":{"line":158,"column":22},"end":{"line":164,"column":1}},"67":{"start":{"line":167,"column":16},"end":{"line":167,"column":18}},"68":{"start":{"line":170,"column":0},"end":{"line":179,"column":3}},"69":{"start":{"line":171,"column":2},"end":{"line":178,"column":3}},"70":{"start":{"line":172,"column":21},"end":{"line":172,"column":59}},"71":{"start":{"line":173,"column":20},"end":{"line":173,"column":53}},"72":{"start":{"line":174,"column":4},"end":{"line":174,"column":44}},"73":{"start":{"line":176,"column":4},"end":{"line":176,"column":64}},"74":{"start":{"line":177,"column":4},"end":{"line":177,"column":29}},"75":{"start":{"line":187,"column":17},"end":{"line":193,"column":1}},"76":{"start":{"line":188,"column":2},"end":{"line":191,"column":3}},"77":{"start":{"line":189,"column":4},"end":{"line":189,"column":82}},"78":{"start":{"line":190,"column":4},"end":{"line":190,"column":16}},"79":{"start":{"line":192,"column":2},"end":{"line":192,"column":27}},"80":{"start":{"line":202,"column":18},"end":{"line":219,"column":1}},"81":{"start":{"line":203,"column":2},"end":{"line":206,"column":3}},"82":{"start":{"line":204,"column":4},"end":{"line":204,"column":83}},"83":{"start":{"line":205,"column":4},"end":{"line":205,"column":17}},"84":{"start":{"line":209,"column":2},"end":{"line":209,"column":27}},"85":{"start":{"line":212,"column":19},"end":{"line":212,"column":57}},"86":{"start":{"line":213,"column":2},"end":{"line":217,"column":5}},"87":{"start":{"line":214,"column":4},"end":{"line":216,"column":5}},"88":{"start":{"line":215,"column":6},"end":{"line":215,"column":67}},"89":{"start":{"line":218,"column":2},"end":{"line":218,"column":14}},"90":{"start":{"line":226,"column":18},"end":{"line":233,"column":1}},"91":{"start":{"line":227,"column":21},"end":{"line":227,"column":41}},"92":{"start":{"line":228,"column":2},"end":{"line":232,"column":5}},"93":{"start":{"line":229,"column":4},"end":{"line":231,"column":5}},"94":{"start":{"line":230,"column":6},"end":{"line":230,"column":30}},"95":{"start":{"line":236,"column":0},"end":{"line":243,"column":3}},"96":{"start":{"line":237,"column":2},"end":{"line":237,"column":39}},"97":{"start":{"line":238,"column":2},"end":{"line":238,"column":91}},"98":{"start":{"line":240,"column":2},"end":{"line":242,"column":5}},"99":{"start":{"line":241,"column":4},"end":{"line":241,"column":44}},"100":{"start":{"line":248,"column":0},"end":{"line":250,"column":3}},"101":{"start":{"line":249,"column":2},"end":{"line":249,"column":42}},"102":{"start":{"line":253,"column":0},"end":{"line":286,"column":3}},"103":{"start":{"line":254,"column":18},"end":{"line":254,"column":49}},"104":{"start":{"line":255,"column":27},"end":{"line":255,"column":67}},"105":{"start":{"line":256,"column":24},"end":{"line":256,"column":46}},"106":{"start":{"line":257,"column":23},"end":{"line":257,"column":44}},"107":{"start":{"line":260,"column":2},"end":{"line":262,"column":3}},"108":{"start":{"line":261,"column":4},"end":{"line":261,"column":66}},"109":{"start":{"line":263,"column":22},"end":{"line":263,"column":59}},"110":{"start":{"line":264,"column":2},"end":{"line":266,"column":3}},"111":{"start":{"line":265,"column":4},"end":{"line":265,"column":105}},"112":{"start":{"line":268,"column":21},"end":{"line":268,"column":50}},"113":{"start":{"line":269,"column":2},"end":{"line":269,"column":88}},"114":{"start":{"line":269,"column":19},"end":{"line":269,"column":88}},"115":{"start":{"line":271,"column":15},"end":{"line":271,"column":64}},"116":{"start":{"line":271,"column":42},"end":{"line":271,"column":63}},"117":{"start":{"line":272,"column":2},"end":{"line":272,"column":83}},"118":{"start":{"line":272,"column":13},"end":{"line":272,"column":83}},"119":{"start":{"line":274,"column":2},"end":{"line":274,"column":65}},"120":{"start":{"line":274,"column":24},"end":{"line":274,"column":65}},"121":{"start":{"line":275,"column":2},"end":{"line":275,"column":78}},"122":{"start":{"line":275,"column":35},"end":{"line":275,"column":78}},"123":{"start":{"line":276,"column":2},"end":{"line":276,"column":75}},"124":{"start":{"line":276,"column":34},"end":{"line":276,"column":75}},"125":{"start":{"line":277,"column":2},"end":{"line":277,"column":50}},"126":{"start":{"line":279,"column":2},"end":{"line":285,"column":3}},"127":{"start":{"line":280,"column":4},"end":{"line":280,"column":76}},"128":{"start":{"line":281,"column":4},"end":{"line":281,"column":59}},"129":{"start":{"line":282,"column":4},"end":{"line":282,"column":50}},"130":{"start":{"line":284,"column":4},"end":{"line":284,"column":66}},"131":{"start":{"line":289,"column":0},"end":{"line":291,"column":3}},"132":{"start":{"line":290,"column":2},"end":{"line":290,"column":43}},"133":{"start":{"line":294,"column":0},"end":{"line":321,"column":3}},"134":{"start":{"line":295,"column":15},"end":{"line":295,"column":43}},"135":{"start":{"line":296,"column":17},"end":{"line":296,"column":47}},"136":{"start":{"line":297,"column":20},"end":{"line":297,"column":51}},"137":{"start":{"line":300,"column":2},"end":{"line":302,"column":3}},"138":{"start":{"line":301,"column":4},"end":{"line":301,"column":63}},"139":{"start":{"line":303,"column":2},"end":{"line":305,"column":3}},"140":{"start":{"line":304,"column":4},"end":{"line":304,"column":65}},"141":{"start":{"line":307,"column":22},"end":{"line":307,"column":52}},"142":{"start":{"line":308,"column":2},"end":{"line":308,"column":90}},"143":{"start":{"line":308,"column":20},"end":{"line":308,"column":90}},"144":{"start":{"line":310,"column":22},"end":{"line":310,"column":66}},"145":{"start":{"line":310,"column":50},"end":{"line":310,"column":65}},"146":{"start":{"line":311,"column":2},"end":{"line":313,"column":3}},"147":{"start":{"line":312,"column":4},"end":{"line":312,"column":71}},"148":{"start":{"line":315,"column":2},"end":{"line":315,"column":30}},"149":{"start":{"line":316,"column":2},"end":{"line":316,"column":36}},"150":{"start":{"line":317,"column":2},"end":{"line":317,"column":47}},"151":{"start":{"line":318,"column":2},"end":{"line":318,"column":87}},"152":{"start":{"line":319,"column":2},"end":{"line":319,"column":59}},"153":{"start":{"line":320,"column":2},"end":{"line":320,"column":49}},"154":{"start":{"line":324,"column":0},"end":{"line":326,"column":3}},"155":{"start":{"line":325,"column":2},"end":{"line":325,"column":47}},"156":{"start":{"line":329,"column":0},"end":{"line":361,"column":3}},"157":{"start":{"line":330,"column":15},"end":{"line":330,"column":43}},"158":{"start":{"line":331,"column":21},"end":{"line":331,"column":55}},"159":{"start":{"line":332,"column":19},"end":{"line":332,"column":51}},"160":{"start":{"line":335,"column":26},"end":{"line":335,"column":105}},"161":{"start":{"line":336,"column":2},"end":{"line":338,"column":3}},"162":{"start":{"line":337,"column":4},"end":{"line":337,"column":103}},"163":{"start":{"line":340,"column":18},"end":{"line":340,"column":58}},"164":{"start":{"line":342,"column":20},"end":{"line":351,"column":3}},"165":{"start":{"line":353,"column":2},"end":{"line":353,"column":29}},"166":{"start":{"line":354,"column":2},"end":{"line":360,"column":3}},"167":{"start":{"line":355,"column":4},"end":{"line":355,"column":96}},"168":{"start":{"line":356,"column":4},"end":{"line":356,"column":55}},"169":{"start":{"line":357,"column":4},"end":{"line":357,"column":24}},"170":{"start":{"line":359,"column":4},"end":{"line":359,"column":61}},"171":{"start":{"line":364,"column":0},"end":{"line":391,"column":3}},"172":{"start":{"line":365,"column":20},"end":{"line":365,"column":53}},"173":{"start":{"line":368,"column":2},"end":{"line":370,"column":3}},"174":{"start":{"line":369,"column":4},"end":{"line":369,"column":68}},"175":{"start":{"line":372,"column":18},"end":{"line":372,"column":52}},"176":{"start":{"line":373,"column":2},"end":{"line":373,"column":81}},"177":{"start":{"line":373,"column":16},"end":{"line":373,"column":81}},"178":{"start":{"line":375,"column":17},"end":{"line":375,"column":61}},"179":{"start":{"line":375,"column":35},"end":{"line":375,"column":60}},"180":{"start":{"line":376,"column":2},"end":{"line":376,"column":89}},"181":{"start":{"line":376,"column":15},"end":{"line":376,"column":89}},"182":{"start":{"line":378,"column":21},"end":{"line":378,"column":108}},"183":{"start":{"line":379,"column":19},"end":{"line":379,"column":76}},"184":{"start":{"line":381,"column":2},"end":{"line":381,"column":31}},"185":{"start":{"line":382,"column":2},"end":{"line":382,"column":39}},"186":{"start":{"line":384,"column":2},"end":{"line":390,"column":3}},"187":{"start":{"line":385,"column":4},"end":{"line":385,"column":75}},"188":{"start":{"line":386,"column":4},"end":{"line":386,"column":60}},"189":{"start":{"line":387,"column":4},"end":{"line":387,"column":46}},"190":{"start":{"line":389,"column":4},"end":{"line":389,"column":63}},"191":{"start":{"line":394,"column":0},"end":{"line":431,"column":3}},"192":{"start":{"line":395,"column":25},"end":{"line":403,"column":3}},"193":{"start":{"line":405,"column":25},"end":{"line":414,"column":4}},"194":{"start":{"line":416,"column":25},"end":{"line":422,"column":3}},"195":{"start":{"line":424,"column":2},"end":{"line":424,"column":49}},"196":{"start":{"line":425,"column":2},"end":{"line":425,"column":54}},"197":{"start":{"line":426,"column":2},"end":{"line":426,"column":50}},"198":{"start":{"line":428,"column":2},"end":{"line":428,"column":58}},"199":{"start":{"line":429,"column":2},"end":{"line":429,"column":123}},"200":{"start":{"line":430,"column":2},"end":{"line":430,"column":30}},"201":{"start":{"line":434,"column":0},"end":{"line":440,"column":3}},"202":{"start":{"line":435,"column":18},"end":{"line":435,"column":49}},"203":{"start":{"line":436,"column":2},"end":{"line":436,"column":78}},"204":{"start":{"line":436,"column":16},"end":{"line":436,"column":78}},"205":{"start":{"line":437,"column":2},"end":{"line":437,"column":54}},"206":{"start":{"line":438,"column":2},"end":{"line":438,"column":101}},"207":{"start":{"line":439,"column":2},"end":{"line":439,"column":30}},"208":{"start":{"line":443,"column":26},"end":{"line":465,"column":57}},"209":{"start":{"line":467,"column":30},"end":{"line":487,"column":77}},"210":{"start":{"line":497,"column":36},"end":{"line":505,"column":1}},"211":{"start":{"line":498,"column":15},"end":{"line":498,"column":44}},"212":{"start":{"line":499,"column":2},"end":{"line":499,"column":50}},"213":{"start":{"line":499,"column":13},"end":{"line":499,"column":50}},"214":{"start":{"line":500,"column":2},"end":{"line":503,"column":3}},"215":{"start":{"line":501,"column":17},"end":{"line":501,"column":88}},"216":{"start":{"line":501,"column":38},"end":{"line":501,"column":87}},"217":{"start":{"line":502,"column":4},"end":{"line":502,"column":58}},"218":{"start":{"line":504,"column":2},"end":{"line":504,"column":20}},"219":{"start":{"line":512,"column":33},"end":{"line":514,"column":1}},"220":{"start":{"line":513,"column":2},"end":{"line":513,"column":81}},"221":{"start":{"line":521,"column":35},"end":{"line":526,"column":1}},"222":{"start":{"line":522,"column":15},"end":{"line":522,"column":52}},"223":{"start":{"line":523,"column":2},"end":{"line":523,"column":64}},"224":{"start":{"line":523,"column":13},"end":{"line":523,"column":64}},"225":{"start":{"line":524,"column":16},"end":{"line":524,"column":29}},"226":{"start":{"line":525,"column":2},"end":{"line":525,"column":103}},"227":{"start":{"line":535,"column":35},"end":{"line":551,"column":1}},"228":{"start":{"line":536,"column":18},"end":{"line":536,"column":58}},"229":{"start":{"line":537,"column":20},"end":{"line":546,"column":3}},"230":{"start":{"line":547,"column":2},"end":{"line":547,"column":29}},"231":{"start":{"line":548,"column":2},"end":{"line":548,"column":47}},"232":{"start":{"line":549,"column":2},"end":{"line":549,"column":53}},"233":{"start":{"line":550,"column":2},"end":{"line":550,"column":19}},"234":{"start":{"line":560,"column":33},"end":{"line":569,"column":1}},"235":{"start":{"line":561,"column":18},"end":{"line":561,"column":58}},"236":{"start":{"line":562,"column":2},"end":{"line":568,"column":5}},"237":{"start":{"line":563,"column":16},"end":{"line":563,"column":20}},"238":{"start":{"line":564,"column":4},"end":{"line":564,"column":65}},"239":{"start":{"line":564,"column":51},"end":{"line":564,"column":65}},"240":{"start":{"line":565,"column":4},"end":{"line":565,"column":82}},"241":{"start":{"line":565,"column":68},"end":{"line":565,"column":82}},"242":{"start":{"line":566,"column":4},"end":{"line":566,"column":73}},"243":{"start":{"line":566,"column":59},"end":{"line":566,"column":73}},"244":{"start":{"line":567,"column":4},"end":{"line":567,"column":17}},"245":{"start":{"line":577,"column":33},"end":{"line":590,"column":1}},"246":{"start":{"line":578,"column":18},"end":{"line":578,"column":58}},"247":{"start":{"line":579,"column":17},"end":{"line":579,"column":61}},"248":{"start":{"line":579,"column":35},"end":{"line":579,"column":60}},"249":{"start":{"line":580,"column":2},"end":{"line":580,"column":65}},"250":{"start":{"line":580,"column":15},"end":{"line":580,"column":65}},"251":{"start":{"line":582,"column":16},"end":{"line":582,"column":62}},"252":{"start":{"line":583,"column":20},"end":{"line":583,"column":67}},"253":{"start":{"line":584,"column":2},"end":{"line":584,"column":31}},"254":{"start":{"line":585,"column":2},"end":{"line":585,"column":75}},"255":{"start":{"line":587,"column":2},"end":{"line":587,"column":47}},"256":{"start":{"line":588,"column":2},"end":{"line":588,"column":58}},"257":{"start":{"line":589,"column":2},"end":{"line":589,"column":16}},"258":{"start":{"line":600,"column":31},"end":{"line":670,"column":1}},"259":{"start":{"line":601,"column":20},"end":{"line":601,"column":55}},"260":{"start":{"line":602,"column":21},"end":{"line":602,"column":50}},"261":{"start":{"line":603,"column":2},"end":{"line":603,"column":96}},"262":{"start":{"line":603,"column":33},"end":{"line":603,"column":96}},"263":{"start":{"line":606,"column":18},"end":{"line":606,"column":45}},"264":{"start":{"line":607,"column":23},"end":{"line":607,"column":27}},"265":{"start":{"line":608,"column":2},"end":{"line":612,"column":3}},"266":{"start":{"line":609,"column":4},"end":{"line":609,"column":26}},"267":{"start":{"line":610,"column":9},"end":{"line":612,"column":3}},"268":{"start":{"line":611,"column":4},"end":{"line":611,"column":26}},"269":{"start":{"line":615,"column":30},"end":{"line":615,"column":84}},"270":{"start":{"line":615,"column":39},"end":{"line":615,"column":84}},"271":{"start":{"line":615,"column":66},"end":{"line":615,"column":83}},"272":{"start":{"line":616,"column":19},"end":{"line":616,"column":54}},"273":{"start":{"line":618,"column":19},"end":{"line":618,"column":33}},"274":{"start":{"line":619,"column":17},"end":{"line":619,"column":22}},"275":{"start":{"line":621,"column":20},"end":{"line":621,"column":52}},"276":{"start":{"line":622,"column":22},"end":{"line":628,"column":3}},"277":{"start":{"line":623,"column":4},"end":{"line":623,"column":25}},"278":{"start":{"line":623,"column":12},"end":{"line":623,"column":25}},"279":{"start":{"line":624,"column":4},"end":{"line":626,"column":5}},"280":{"start":{"line":625,"column":6},"end":{"line":625,"column":80}},"281":{"start":{"line":627,"column":4},"end":{"line":627,"column":45}},"282":{"start":{"line":631,"column":2},"end":{"line":641,"column":3}},"283":{"start":{"line":632,"column":25},"end":{"line":632,"column":81}},"284":{"start":{"line":632,"column":58},"end":{"line":632,"column":80}},"285":{"start":{"line":633,"column":4},"end":{"line":640,"column":5}},"286":{"start":{"line":634,"column":22},"end":{"line":634,"column":48}},"287":{"start":{"line":635,"column":6},"end":{"line":639,"column":7}},"288":{"start":{"line":636,"column":8},"end":{"line":636,"column":27}},"289":{"start":{"line":637,"column":8},"end":{"line":637,"column":24}},"290":{"start":{"line":638,"column":8},"end":{"line":638,"column":14}},"291":{"start":{"line":643,"column":21},"end":{"line":643,"column":48}},"292":{"start":{"line":644,"column":24},"end":{"line":644,"column":80}},"293":{"start":{"line":648,"column":18},"end":{"line":648,"column":55}},"294":{"start":{"line":649,"column":15},"end":{"line":649,"column":90}},"295":{"start":{"line":651,"column":19},"end":{"line":651,"column":36}},"296":{"start":{"line":652,"column":19},"end":{"line":652,"column":39}},"297":{"start":{"line":654,"column":19},"end":{"line":666,"column":3}},"298":{"start":{"line":668,"column":2},"end":{"line":668,"column":53}},"299":{"start":{"line":669,"column":2},"end":{"line":669,"column":18}},"300":{"start":{"line":673,"column":0},"end":{"line":702,"column":3}},"301":{"start":{"line":674,"column":18},"end":{"line":674,"column":51}},"302":{"start":{"line":675,"column":18},"end":{"line":675,"column":49}},"303":{"start":{"line":676,"column":18},"end":{"line":676,"column":34}},"304":{"start":{"line":677,"column":21},"end":{"line":677,"column":40}},"305":{"start":{"line":678,"column":27},"end":{"line":678,"column":52}},"306":{"start":{"line":679,"column":32},"end":{"line":679,"column":62}},"307":{"start":{"line":681,"column":20},"end":{"line":681,"column":60}},"308":{"start":{"line":682,"column":27},"end":{"line":685,"column":5}},"309":{"start":{"line":682,"column":53},"end":{"line":685,"column":3}},"310":{"start":{"line":687,"column":2},"end":{"line":687,"column":102}},"311":{"start":{"line":689,"column":2},"end":{"line":697,"column":3}},"312":{"start":{"line":690,"column":4},"end":{"line":696,"column":5}},"313":{"start":{"line":691,"column":27},"end":{"line":691,"column":135}},"314":{"start":{"line":692,"column":6},"end":{"line":692,"column":62}},"315":{"start":{"line":694,"column":6},"end":{"line":694,"column":75}},"316":{"start":{"line":700,"column":27},"end":{"line":700,"column":112}},"317":{"start":{"line":701,"column":2},"end":{"line":701,"column":63}},"318":{"start":{"line":706,"column":16},"end":{"line":706,"column":46}},"319":{"start":{"line":707,"column":20},"end":{"line":709,"column":27}},"320":{"start":{"line":711,"column":16},"end":{"line":714,"column":4}},"321":{"start":{"line":716,"column":16},"end":{"line":811,"column":4}},"322":{"start":{"line":814,"column":27},"end":{"line":814,"column":29}},"323":{"start":{"line":815,"column":17},"end":{"line":815,"column":22}},"324":{"start":{"line":816,"column":2},"end":{"line":824,"column":3}},"325":{"start":{"line":817,"column":4},"end":{"line":817,"column":43}},"326":{"start":{"line":817,"column":27},"end":{"line":817,"column":43}},"327":{"start":{"line":818,"column":4},"end":{"line":823,"column":5}},"328":{"start":{"line":819,"column":6},"end":{"line":822,"column":9}},"329":{"start":{"line":826,"column":15},"end":{"line":830,"column":4}},"330":{"start":{"line":832,"column":15},"end":{"line":832,"column":46}},"331":{"start":{"line":833,"column":22},"end":{"line":833,"column":56}},"332":{"start":{"line":834,"column":14},"end":{"line":834,"column":15}},"333":{"start":{"line":836,"column":2},"end":{"line":882,"column":3}},"334":{"start":{"line":837,"column":4},"end":{"line":837,"column":12}},"335":{"start":{"line":838,"column":30},"end":{"line":838,"column":32}},"336":{"start":{"line":840,"column":4},"end":{"line":878,"column":5}},"337":{"start":{"line":841,"column":19},"end":{"line":841,"column":28}},"338":{"start":{"line":842,"column":19},"end":{"line":842,"column":28}},"339":{"start":{"line":845,"column":6},"end":{"line":845,"column":60}},"340":{"start":{"line":847,"column":6},"end":{"line":870,"column":7}},"341":{"start":{"line":848,"column":8},"end":{"line":866,"column":9}},"342":{"start":{"line":849,"column":10},"end":{"line":849,"column":88}},"343":{"start":{"line":850,"column":15},"end":{"line":866,"column":9}},"344":{"start":{"line":851,"column":10},"end":{"line":851,"column":65}},"345":{"start":{"line":852,"column":15},"end":{"line":866,"column":9}},"346":{"start":{"line":854,"column":25},"end":{"line":854,"column":86}},"347":{"start":{"line":855,"column":10},"end":{"line":855,"column":132}},"348":{"start":{"line":856,"column":15},"end":{"line":866,"column":9}},"349":{"start":{"line":857,"column":10},"end":{"line":857,"column":70}},"350":{"start":{"line":858,"column":15},"end":{"line":866,"column":9}},"351":{"start":{"line":859,"column":10},"end":{"line":859,"column":99}},"352":{"start":{"line":860,"column":15},"end":{"line":866,"column":9}},"353":{"start":{"line":861,"column":10},"end":{"line":861,"column":95}},"354":{"start":{"line":862,"column":15},"end":{"line":866,"column":9}},"355":{"start":{"line":863,"column":10},"end":{"line":863,"column":81}},"356":{"start":{"line":865,"column":10},"end":{"line":865,"column":53}},"357":{"start":{"line":868,"column":8},"end":{"line":868,"column":60}},"358":{"start":{"line":869,"column":8},"end":{"line":869,"column":44}},"359":{"start":{"line":872,"column":6},"end":{"line":877,"column":9}},"360":{"start":{"line":880,"column":4},"end":{"line":880,"column":55}},"361":{"start":{"line":881,"column":4},"end":{"line":881,"column":55}},"362":{"start":{"line":884,"column":2},"end":{"line":884,"column":32}},"363":{"start":{"line":889,"column":19},"end":{"line":889,"column":40}},"364":{"start":{"line":890,"column":19},"end":{"line":890,"column":48}},"365":{"start":{"line":892,"column":2},"end":{"line":1003,"column":3}},"366":{"start":{"line":893,"column":23},"end":{"line":893,"column":304}},"367":{"start":{"line":894,"column":22},"end":{"line":894,"column":236}},"368":{"start":{"line":897,"column":4},"end":{"line":906,"column":5}},"369":{"start":{"line":898,"column":21},"end":{"line":898,"column":59}},"370":{"start":{"line":899,"column":6},"end":{"line":905,"column":7}},"371":{"start":{"line":900,"column":8},"end":{"line":900,"column":277}},"372":{"start":{"line":901,"column":13},"end":{"line":905,"column":7}},"373":{"start":{"line":902,"column":8},"end":{"line":902,"column":239}},"374":{"start":{"line":904,"column":8},"end":{"line":904,"column":233}},"375":{"start":{"line":909,"column":4},"end":{"line":919,"column":5}},"376":{"start":{"line":910,"column":21},"end":{"line":910,"column":64}},"377":{"start":{"line":911,"column":24},"end":{"line":911,"column":171}},"378":{"start":{"line":911,"column":46},"end":{"line":911,"column":159}},"379":{"start":{"line":912,"column":6},"end":{"line":918,"column":7}},"380":{"start":{"line":913,"column":8},"end":{"line":913,"column":144}},"381":{"start":{"line":914,"column":13},"end":{"line":918,"column":7}},"382":{"start":{"line":915,"column":8},"end":{"line":915,"column":141}},"383":{"start":{"line":917,"column":8},"end":{"line":917,"column":69}},"384":{"start":{"line":922,"column":25},"end":{"line":922,"column":78}},"385":{"start":{"line":923,"column":4},"end":{"line":937,"column":5}},"386":{"start":{"line":924,"column":22},"end":{"line":924,"column":37}},"387":{"start":{"line":925,"column":24},"end":{"line":925,"column":95}},"388":{"start":{"line":928,"column":6},"end":{"line":928,"column":58}},"389":{"start":{"line":930,"column":6},"end":{"line":936,"column":7}},"390":{"start":{"line":931,"column":8},"end":{"line":931,"column":253}},"391":{"start":{"line":932,"column":13},"end":{"line":936,"column":7}},"392":{"start":{"line":933,"column":8},"end":{"line":933,"column":254}},"393":{"start":{"line":935,"column":8},"end":{"line":935,"column":43}},"394":{"start":{"line":940,"column":4},"end":{"line":948,"column":5}},"395":{"start":{"line":941,"column":6},"end":{"line":947,"column":7}},"396":{"start":{"line":942,"column":8},"end":{"line":942,"column":127}},"397":{"start":{"line":943,"column":13},"end":{"line":947,"column":7}},"398":{"start":{"line":944,"column":8},"end":{"line":944,"column":108}},"399":{"start":{"line":946,"column":8},"end":{"line":946,"column":121}},"400":{"start":{"line":950,"column":4},"end":{"line":958,"column":5}},"401":{"start":{"line":951,"column":6},"end":{"line":957,"column":7}},"402":{"start":{"line":952,"column":8},"end":{"line":952,"column":206}},"403":{"start":{"line":953,"column":13},"end":{"line":957,"column":7}},"404":{"start":{"line":954,"column":8},"end":{"line":954,"column":170}},"405":{"start":{"line":956,"column":8},"end":{"line":956,"column":150}},"406":{"start":{"line":960,"column":4},"end":{"line":968,"column":5}},"407":{"start":{"line":961,"column":6},"end":{"line":967,"column":7}},"408":{"start":{"line":962,"column":8},"end":{"line":962,"column":168}},"409":{"start":{"line":963,"column":13},"end":{"line":967,"column":7}},"410":{"start":{"line":964,"column":8},"end":{"line":964,"column":161}},"411":{"start":{"line":966,"column":8},"end":{"line":966,"column":155}},"412":{"start":{"line":970,"column":4},"end":{"line":978,"column":5}},"413":{"start":{"line":971,"column":6},"end":{"line":977,"column":7}},"414":{"start":{"line":972,"column":8},"end":{"line":972,"column":81}},"415":{"start":{"line":973,"column":13},"end":{"line":977,"column":7}},"416":{"start":{"line":974,"column":8},"end":{"line":974,"column":88}},"417":{"start":{"line":976,"column":8},"end":{"line":976,"column":104}},"418":{"start":{"line":981,"column":4},"end":{"line":987,"column":5}},"419":{"start":{"line":982,"column":6},"end":{"line":986,"column":7}},"420":{"start":{"line":983,"column":8},"end":{"line":983,"column":258}},"421":{"start":{"line":985,"column":8},"end":{"line":985,"column":244}},"422":{"start":{"line":990,"column":4},"end":{"line":996,"column":5}},"423":{"start":{"line":991,"column":6},"end":{"line":995,"column":7}},"424":{"start":{"line":992,"column":8},"end":{"line":992,"column":102}},"425":{"start":{"line":994,"column":8},"end":{"line":994,"column":115}},"426":{"start":{"line":998,"column":4},"end":{"line":1002,"column":5}},"427":{"start":{"line":999,"column":6},"end":{"line":999,"column":253}},"428":{"start":{"line":1001,"column":6},"end":{"line":1001,"column":298}},"429":{"start":{"line":1007,"column":2},"end":{"line":1053,"column":3}},"430":{"start":{"line":1009,"column":4},"end":{"line":1021,"column":5}},"431":{"start":{"line":1010,"column":20},"end":{"line":1010,"column":69}},"432":{"start":{"line":1011,"column":28},"end":{"line":1011,"column":80}},"433":{"start":{"line":1011,"column":46},"end":{"line":1011,"column":79}},"434":{"start":{"line":1012,"column":24},"end":{"line":1012,"column":72}},"435":{"start":{"line":1012,"column":42},"end":{"line":1012,"column":71}},"436":{"start":{"line":1014,"column":6},"end":{"line":1020,"column":7}},"437":{"start":{"line":1015,"column":8},"end":{"line":1015,"column":254}},"438":{"start":{"line":1016,"column":13},"end":{"line":1020,"column":7}},"439":{"start":{"line":1017,"column":8},"end":{"line":1017,"column":233}},"440":{"start":{"line":1019,"column":8},"end":{"line":1019,"column":147}},"441":{"start":{"line":1024,"column":4},"end":{"line":1038,"column":5}},"442":{"start":{"line":1025,"column":22},"end":{"line":1025,"column":72}},"443":{"start":{"line":1026,"column":25},"end":{"line":1026,"column":80}},"444":{"start":{"line":1026,"column":45},"end":{"line":1026,"column":79}},"445":{"start":{"line":1027,"column":27},"end":{"line":1027,"column":78}},"446":{"start":{"line":1027,"column":47},"end":{"line":1027,"column":77}},"447":{"start":{"line":1029,"column":6},"end":{"line":1037,"column":7}},"448":{"start":{"line":1030,"column":8},"end":{"line":1030,"column":187}},"449":{"start":{"line":1031,"column":13},"end":{"line":1037,"column":7}},"450":{"start":{"line":1032,"column":8},"end":{"line":1032,"column":201}},"451":{"start":{"line":1033,"column":13},"end":{"line":1037,"column":7}},"452":{"start":{"line":1034,"column":8},"end":{"line":1034,"column":178}},"453":{"start":{"line":1036,"column":8},"end":{"line":1036,"column":115}},"454":{"start":{"line":1041,"column":28},"end":{"line":1041,"column":117}},"455":{"start":{"line":1042,"column":20},"end":{"line":1042,"column":47}},"456":{"start":{"line":1043,"column":4},"end":{"line":1050,"column":5}},"457":{"start":{"line":1044,"column":20},"end":{"line":1044,"column":44}},"458":{"start":{"line":1045,"column":18},"end":{"line":1045,"column":71}},"459":{"start":{"line":1046,"column":6},"end":{"line":1048,"column":7}},"460":{"start":{"line":1047,"column":8},"end":{"line":1047,"column":93}},"461":{"start":{"line":1049,"column":6},"end":{"line":1049,"column":129}},"462":{"start":{"line":1052,"column":4},"end":{"line":1052,"column":186}},"463":{"start":{"line":1055,"column":2},"end":{"line":1055,"column":53}},"464":{"start":{"line":1059,"column":0},"end":{"line":1065,"column":3}},"465":{"start":{"line":1060,"column":2},"end":{"line":1064,"column":5}},"466":{"start":{"line":1070,"column":0},"end":{"line":1076,"column":3}},"467":{"start":{"line":1071,"column":2},"end":{"line":1071,"column":49}},"468":{"start":{"line":1072,"column":17},"end":{"line":1072,"column":34}},"469":{"start":{"line":1073,"column":2},"end":{"line":1075,"column":5}},"470":{"start":{"line":1079,"column":0},"end":{"line":1087,"column":1}},"471":{"start":{"line":1080,"column":2},"end":{"line":1086,"column":5}},"472":{"start":{"line":1081,"column":4},"end":{"line":1081,"column":75}},"473":{"start":{"line":1082,"column":4},"end":{"line":1082,"column":64}},"474":{"start":{"line":1083,"column":4},"end":{"line":1083,"column":57}},"475":{"start":{"line":1084,"column":4},"end":{"line":1084,"column":60}},"476":{"start":{"line":1085,"column":4},"end":{"line":1085,"column":75}},"477":{"start":{"line":1089,"column":0},"end":{"line":1089,"column":33}}},"fnMap":{"0":{"name":"(anonymous_0)","decl":{"start":{"line":28,"column":12},"end":{"line":28,"column":13}},"loc":{"start":{"line":28,"column":40},"end":{"line":38,"column":1}},"line":28},"1":{"name":"(anonymous_1)","decl":{"start":{"line":44,"column":28},"end":{"line":44,"column":29}},"loc":{"start":{"line":44,"column":34},"end":{"line":52,"column":1}},"line":44},"2":{"name":"(anonymous_2)","decl":{"start":{"line":67,"column":8},"end":{"line":67,"column":9}},"loc":{"start":{"line":67,"column":28},"end":{"line":86,"column":1}},"line":67},"3":{"name":"(anonymous_3)","decl":{"start":{"line":92,"column":8},"end":{"line":92,"column":9}},"loc":{"start":{"line":92,"column":28},"end":{"line":109,"column":1}},"line":92},"4":{"name":"(anonymous_4)","decl":{"start":{"line":117,"column":22},"end":{"line":117,"column":23}},"loc":{"start":{"line":117,"column":31},"end":{"line":126,"column":1}},"line":117},"5":{"name":"(anonymous_5)","decl":{"start":{"line":134,"column":8},"end":{"line":134,"column":9}},"loc":{"start":{"line":134,"column":28},"end":{"line":149,"column":1}},"line":134},"6":{"name":"(anonymous_6)","decl":{"start":{"line":140,"column":51},"end":{"line":140,"column":52}},"loc":{"start":{"line":140,"column":56},"end":{"line":140,"column":71}},"line":140},"7":{"name":"(anonymous_7)","decl":{"start":{"line":170,"column":22},"end":{"line":170,"column":23}},"loc":{"start":{"line":170,"column":34},"end":{"line":179,"column":1}},"line":170},"8":{"name":"(anonymous_8)","decl":{"start":{"line":187,"column":17},"end":{"line":187,"column":18}},"loc":{"start":{"line":187,"column":31},"end":{"line":193,"column":1}},"line":187},"9":{"name":"(anonymous_9)","decl":{"start":{"line":202,"column":18},"end":{"line":202,"column":19}},"loc":{"start":{"line":202,"column":38},"end":{"line":219,"column":1}},"line":202},"10":{"name":"(anonymous_10)","decl":{"start":{"line":213,"column":64},"end":{"line":213,"column":65}},"loc":{"start":{"line":213,"column":73},"end":{"line":217,"column":3}},"line":213},"11":{"name":"(anonymous_11)","decl":{"start":{"line":226,"column":18},"end":{"line":226,"column":19}},"loc":{"start":{"line":226,"column":28},"end":{"line":233,"column":1}},"line":226},"12":{"name":"(anonymous_12)","decl":{"start":{"line":228,"column":22},"end":{"line":228,"column":23}},"loc":{"start":{"line":228,"column":34},"end":{"line":232,"column":3}},"line":228},"13":{"name":"(anonymous_13)","decl":{"start":{"line":236,"column":21},"end":{"line":236,"column":22}},"loc":{"start":{"line":236,"column":29},"end":{"line":243,"column":1}},"line":236},"14":{"name":"(anonymous_14)","decl":{"start":{"line":240,"column":17},"end":{"line":240,"column":18}},"loc":{"start":{"line":240,"column":23},"end":{"line":242,"column":3}},"line":240},"15":{"name":"(anonymous_15)","decl":{"start":{"line":248,"column":24},"end":{"line":248,"column":25}},"loc":{"start":{"line":248,"column":38},"end":{"line":250,"column":1}},"line":248},"16":{"name":"(anonymous_16)","decl":{"start":{"line":253,"column":32},"end":{"line":253,"column":33}},"loc":{"start":{"line":253,"column":46},"end":{"line":286,"column":1}},"line":253},"17":{"name":"(anonymous_17)","decl":{"start":{"line":271,"column":37},"end":{"line":271,"column":38}},"loc":{"start":{"line":271,"column":42},"end":{"line":271,"column":63}},"line":271},"18":{"name":"(anonymous_18)","decl":{"start":{"line":289,"column":24},"end":{"line":289,"column":25}},"loc":{"start":{"line":289,"column":38},"end":{"line":291,"column":1}},"line":289},"19":{"name":"(anonymous_19)","decl":{"start":{"line":294,"column":32},"end":{"line":294,"column":33}},"loc":{"start":{"line":294,"column":46},"end":{"line":321,"column":1}},"line":294},"20":{"name":"(anonymous_20)","decl":{"start":{"line":310,"column":45},"end":{"line":310,"column":46}},"loc":{"start":{"line":310,"column":50},"end":{"line":310,"column":65}},"line":310},"21":{"name":"(anonymous_21)","decl":{"start":{"line":324,"column":24},"end":{"line":324,"column":25}},"loc":{"start":{"line":324,"column":38},"end":{"line":326,"column":1}},"line":324},"22":{"name":"(anonymous_22)","decl":{"start":{"line":329,"column":25},"end":{"line":329,"column":26}},"loc":{"start":{"line":329,"column":39},"end":{"line":361,"column":1}},"line":329},"23":{"name":"(anonymous_23)","decl":{"start":{"line":364,"column":26},"end":{"line":364,"column":27}},"loc":{"start":{"line":364,"column":40},"end":{"line":391,"column":1}},"line":364},"24":{"name":"(anonymous_24)","decl":{"start":{"line":375,"column":30},"end":{"line":375,"column":31}},"loc":{"start":{"line":375,"column":35},"end":{"line":375,"column":60}},"line":375},"25":{"name":"(anonymous_25)","decl":{"start":{"line":394,"column":23},"end":{"line":394,"column":24}},"loc":{"start":{"line":394,"column":37},"end":{"line":431,"column":1}},"line":394},"26":{"name":"(anonymous_26)","decl":{"start":{"line":434,"column":27},"end":{"line":434,"column":28}},"loc":{"start":{"line":434,"column":41},"end":{"line":440,"column":1}},"line":434},"27":{"name":"(anonymous_27)","decl":{"start":{"line":497,"column":36},"end":{"line":497,"column":37}},"loc":{"start":{"line":497,"column":67},"end":{"line":505,"column":1}},"line":497},"28":{"name":"(anonymous_28)","decl":{"start":{"line":501,"column":33},"end":{"line":501,"column":34}},"loc":{"start":{"line":501,"column":38},"end":{"line":501,"column":87}},"line":501},"29":{"name":"(anonymous_29)","decl":{"start":{"line":512,"column":33},"end":{"line":512,"column":34}},"loc":{"start":{"line":512,"column":50},"end":{"line":514,"column":1}},"line":512},"30":{"name":"(anonymous_30)","decl":{"start":{"line":521,"column":35},"end":{"line":521,"column":36}},"loc":{"start":{"line":521,"column":54},"end":{"line":526,"column":1}},"line":521},"31":{"name":"(anonymous_31)","decl":{"start":{"line":535,"column":35},"end":{"line":535,"column":36}},"loc":{"start":{"line":535,"column":73},"end":{"line":551,"column":1}},"line":535},"32":{"name":"(anonymous_32)","decl":{"start":{"line":560,"column":33},"end":{"line":560,"column":34}},"loc":{"start":{"line":560,"column":69},"end":{"line":569,"column":1}},"line":560},"33":{"name":"(anonymous_33)","decl":{"start":{"line":562,"column":24},"end":{"line":562,"column":25}},"loc":{"start":{"line":562,"column":29},"end":{"line":568,"column":3}},"line":562},"34":{"name":"(anonymous_34)","decl":{"start":{"line":577,"column":33},"end":{"line":577,"column":34}},"loc":{"start":{"line":577,"column":60},"end":{"line":590,"column":1}},"line":577},"35":{"name":"(anonymous_35)","decl":{"start":{"line":579,"column":30},"end":{"line":579,"column":31}},"loc":{"start":{"line":579,"column":35},"end":{"line":579,"column":60}},"line":579},"36":{"name":"(anonymous_36)","decl":{"start":{"line":600,"column":31},"end":{"line":600,"column":32}},"loc":{"start":{"line":600,"column":123},"end":{"line":670,"column":1}},"line":600},"37":{"name":"(anonymous_37)","decl":{"start":{"line":615,"column":30},"end":{"line":615,"column":31}},"loc":{"start":{"line":615,"column":39},"end":{"line":615,"column":84}},"line":615},"38":{"name":"(anonymous_38)","decl":{"start":{"line":615,"column":61},"end":{"line":615,"column":62}},"loc":{"start":{"line":615,"column":66},"end":{"line":615,"column":83}},"line":615},"39":{"name":"(anonymous_39)","decl":{"start":{"line":622,"column":22},"end":{"line":622,"column":23}},"loc":{"start":{"line":622,"column":29},"end":{"line":628,"column":3}},"line":622},"40":{"name":"(anonymous_40)","decl":{"start":{"line":632,"column":51},"end":{"line":632,"column":52}},"loc":{"start":{"line":632,"column":58},"end":{"line":632,"column":80}},"line":632},"41":{"name":"(anonymous_41)","decl":{"start":{"line":673,"column":31},"end":{"line":673,"column":32}},"loc":{"start":{"line":673,"column":51},"end":{"line":702,"column":1}},"line":673},"42":{"name":"(anonymous_42)","decl":{"start":{"line":682,"column":47},"end":{"line":682,"column":48}},"loc":{"start":{"line":682,"column":53},"end":{"line":685,"column":3}},"line":682},"43":{"name":"runGeminiAgent","decl":{"start":{"line":705,"column":15},"end":{"line":705,"column":29}},"loc":{"start":{"line":705,"column":104},"end":{"line":885,"column":1}},"line":705},"44":{"name":"runFallbackMockAgent","decl":{"start":{"line":888,"column":15},"end":{"line":888,"column":35}},"loc":{"start":{"line":888,"column":93},"end":{"line":1056,"column":1}},"line":888},"45":{"name":"(anonymous_45)","decl":{"start":{"line":911,"column":41},"end":{"line":911,"column":42}},"loc":{"start":{"line":911,"column":46},"end":{"line":911,"column":159}},"line":911},"46":{"name":"(anonymous_46)","decl":{"start":{"line":1011,"column":41},"end":{"line":1011,"column":42}},"loc":{"start":{"line":1011,"column":46},"end":{"line":1011,"column":79}},"line":1011},"47":{"name":"(anonymous_47)","decl":{"start":{"line":1012,"column":37},"end":{"line":1012,"column":38}},"loc":{"start":{"line":1012,"column":42},"end":{"line":1012,"column":71}},"line":1012},"48":{"name":"(anonymous_48)","decl":{"start":{"line":1026,"column":40},"end":{"line":1026,"column":41}},"loc":{"start":{"line":1026,"column":45},"end":{"line":1026,"column":79}},"line":1026},"49":{"name":"(anonymous_49)","decl":{"start":{"line":1027,"column":42},"end":{"line":1027,"column":43}},"loc":{"start":{"line":1027,"column":47},"end":{"line":1027,"column":77}},"line":1027},"50":{"name":"(anonymous_50)","decl":{"start":{"line":1059,"column":8},"end":{"line":1059,"column":9}},"loc":{"start":{"line":1059,"column":22},"end":{"line":1065,"column":1}},"line":1059},"51":{"name":"(anonymous_51)","decl":{"start":{"line":1070,"column":8},"end":{"line":1070,"column":9}},"loc":{"start":{"line":1070,"column":33},"end":{"line":1076,"column":1}},"line":1070},"52":{"name":"(anonymous_52)","decl":{"start":{"line":1080,"column":22},"end":{"line":1080,"column":23}},"loc":{"start":{"line":1080,"column":28},"end":{"line":1086,"column":3}},"line":1080}},"branchMap":{"0":{"loc":{"start":{"line":31,"column":2},"end":{"line":37,"column":3}},"type":"if","locations":[{"start":{"line":31,"column":2},"end":{"line":37,"column":3}},{"start":{"line":33,"column":9},"end":{"line":37,"column":3}}],"line":31},"1":{"loc":{"start":{"line":33,"column":9},"end":{"line":37,"column":3}},"type":"if","locations":[{"start":{"line":33,"column":9},"end":{"line":37,"column":3}},{"start":{"line":35,"column":9},"end":{"line":37,"column":3}}],"line":33},"2":{"loc":{"start":{"line":45,"column":15},"end":{"line":45,"column":39}},"type":"binary-expr","locations":[{"start":{"line":45,"column":15},"end":{"line":45,"column":31}},{"start":{"line":45,"column":35},"end":{"line":45,"column":39}}],"line":45},"3":{"loc":{"start":{"line":46,"column":2},"end":{"line":50,"column":3}},"type":"if","locations":[{"start":{"line":46,"column":2},"end":{"line":50,"column":3}},{"start":{"line":48,"column":9},"end":{"line":50,"column":3}}],"line":46},"4":{"loc":{"start":{"line":60,"column":13},"end":{"line":60,"column":37}},"type":"binary-expr","locations":[{"start":{"line":60,"column":13},"end":{"line":60,"column":29}},{"start":{"line":60,"column":33},"end":{"line":60,"column":37}}],"line":60},"5":{"loc":{"start":{"line":99,"column":2},"end":{"line":101,"column":3}},"type":"if","locations":[{"start":{"line":99,"column":2},"end":{"line":101,"column":3}},{"start":{},"end":{}}],"line":99},"6":{"loc":{"start":{"line":99,"column":6},"end":{"line":99,"column":47}},"type":"binary-expr","locations":[{"start":{"line":99,"column":6},"end":{"line":99,"column":12}},{"start":{"line":99,"column":16},"end":{"line":99,"column":47}}],"line":99},"7":{"loc":{"start":{"line":105,"column":2},"end":{"line":107,"column":3}},"type":"if","locations":[{"start":{"line":105,"column":2},"end":{"line":107,"column":3}},{"start":{},"end":{}}],"line":105},"8":{"loc":{"start":{"line":118,"column":2},"end":{"line":118,"column":42}},"type":"if","locations":[{"start":{"line":118,"column":2},"end":{"line":118,"column":42}},{"start":{},"end":{}}],"line":118},"9":{"loc":{"start":{"line":135,"column":13},"end":{"line":135,"column":51}},"type":"binary-expr","locations":[{"start":{"line":135,"column":13},"end":{"line":135,"column":19}},{"start":{"line":135,"column":23},"end":{"line":135,"column":51}}],"line":135},"10":{"loc":{"start":{"line":137,"column":2},"end":{"line":139,"column":3}},"type":"if","locations":[{"start":{"line":137,"column":2},"end":{"line":139,"column":3}},{"start":{},"end":{}}],"line":137},"11":{"loc":{"start":{"line":141,"column":2},"end":{"line":146,"column":3}},"type":"if","locations":[{"start":{"line":141,"column":2},"end":{"line":146,"column":3}},{"start":{},"end":{}}],"line":141},"12":{"loc":{"start":{"line":188,"column":2},"end":{"line":191,"column":3}},"type":"if","locations":[{"start":{"line":188,"column":2},"end":{"line":191,"column":3}},{"start":{},"end":{}}],"line":188},"13":{"loc":{"start":{"line":203,"column":2},"end":{"line":206,"column":3}},"type":"if","locations":[{"start":{"line":203,"column":2},"end":{"line":206,"column":3}},{"start":{},"end":{}}],"line":203},"14":{"loc":{"start":{"line":214,"column":4},"end":{"line":216,"column":5}},"type":"if","locations":[{"start":{"line":214,"column":4},"end":{"line":216,"column":5}},{"start":{},"end":{}}],"line":214},"15":{"loc":{"start":{"line":229,"column":4},"end":{"line":231,"column":5}},"type":"if","locations":[{"start":{"line":229,"column":4},"end":{"line":231,"column":5}},{"start":{},"end":{}}],"line":229},"16":{"loc":{"start":{"line":260,"column":2},"end":{"line":262,"column":3}},"type":"if","locations":[{"start":{"line":260,"column":2},"end":{"line":262,"column":3}},{"start":{},"end":{}}],"line":260},"17":{"loc":{"start":{"line":264,"column":2},"end":{"line":266,"column":3}},"type":"if","locations":[{"start":{"line":264,"column":2},"end":{"line":266,"column":3}},{"start":{},"end":{}}],"line":264},"18":{"loc":{"start":{"line":264,"column":6},"end":{"line":264,"column":65}},"type":"binary-expr","locations":[{"start":{"line":264,"column":6},"end":{"line":264,"column":22}},{"start":{"line":264,"column":26},"end":{"line":264,"column":65}}],"line":264},"19":{"loc":{"start":{"line":269,"column":2},"end":{"line":269,"column":88}},"type":"if","locations":[{"start":{"line":269,"column":2},"end":{"line":269,"column":88}},{"start":{},"end":{}}],"line":269},"20":{"loc":{"start":{"line":272,"column":2},"end":{"line":272,"column":83}},"type":"if","locations":[{"start":{"line":272,"column":2},"end":{"line":272,"column":83}},{"start":{},"end":{}}],"line":272},"21":{"loc":{"start":{"line":274,"column":2},"end":{"line":274,"column":65}},"type":"if","locations":[{"start":{"line":274,"column":2},"end":{"line":274,"column":65}},{"start":{},"end":{}}],"line":274},"22":{"loc":{"start":{"line":275,"column":2},"end":{"line":275,"column":78}},"type":"if","locations":[{"start":{"line":275,"column":2},"end":{"line":275,"column":78}},{"start":{},"end":{}}],"line":275},"23":{"loc":{"start":{"line":276,"column":2},"end":{"line":276,"column":75}},"type":"if","locations":[{"start":{"line":276,"column":2},"end":{"line":276,"column":75}},{"start":{},"end":{}}],"line":276},"24":{"loc":{"start":{"line":279,"column":2},"end":{"line":285,"column":3}},"type":"if","locations":[{"start":{"line":279,"column":2},"end":{"line":285,"column":3}},{"start":{"line":283,"column":9},"end":{"line":285,"column":3}}],"line":279},"25":{"loc":{"start":{"line":297,"column":20},"end":{"line":297,"column":51}},"type":"binary-expr","locations":[{"start":{"line":297,"column":20},"end":{"line":297,"column":46}},{"start":{"line":297,"column":50},"end":{"line":297,"column":51}}],"line":297},"26":{"loc":{"start":{"line":300,"column":2},"end":{"line":302,"column":3}},"type":"if","locations":[{"start":{"line":300,"column":2},"end":{"line":302,"column":3}},{"start":{},"end":{}}],"line":300},"27":{"loc":{"start":{"line":303,"column":2},"end":{"line":305,"column":3}},"type":"if","locations":[{"start":{"line":303,"column":2},"end":{"line":305,"column":3}},{"start":{},"end":{}}],"line":303},"28":{"loc":{"start":{"line":308,"column":2},"end":{"line":308,"column":90}},"type":"if","locations":[{"start":{"line":308,"column":2},"end":{"line":308,"column":90}},{"start":{},"end":{}}],"line":308},"29":{"loc":{"start":{"line":311,"column":2},"end":{"line":313,"column":3}},"type":"if","locations":[{"start":{"line":311,"column":2},"end":{"line":313,"column":3}},{"start":{},"end":{}}],"line":311},"30":{"loc":{"start":{"line":336,"column":2},"end":{"line":338,"column":3}},"type":"if","locations":[{"start":{"line":336,"column":2},"end":{"line":338,"column":3}},{"start":{},"end":{}}],"line":336},"31":{"loc":{"start":{"line":336,"column":6},"end":{"line":336,"column":57}},"type":"binary-expr","locations":[{"start":{"line":336,"column":6},"end":{"line":336,"column":16}},{"start":{"line":336,"column":20},"end":{"line":336,"column":57}}],"line":336},"32":{"loc":{"start":{"line":340,"column":18},"end":{"line":340,"column":58}},"type":"binary-expr","locations":[{"start":{"line":340,"column":18},"end":{"line":340,"column":52}},{"start":{"line":340,"column":56},"end":{"line":340,"column":58}}],"line":340},"33":{"loc":{"start":{"line":345,"column":10},"end":{"line":345,"column":32}},"type":"binary-expr","locations":[{"start":{"line":345,"column":10},"end":{"line":345,"column":14}},{"start":{"line":345,"column":18},"end":{"line":345,"column":32}}],"line":345},"34":{"loc":{"start":{"line":346,"column":16},"end":{"line":346,"column":37}},"type":"binary-expr","locations":[{"start":{"line":346,"column":16},"end":{"line":346,"column":26}},{"start":{"line":346,"column":30},"end":{"line":346,"column":37}}],"line":346},"35":{"loc":{"start":{"line":347,"column":14},"end":{"line":347,"column":47}},"type":"binary-expr","locations":[{"start":{"line":347,"column":14},"end":{"line":347,"column":22}},{"start":{"line":347,"column":26},"end":{"line":347,"column":47}}],"line":347},"36":{"loc":{"start":{"line":354,"column":2},"end":{"line":360,"column":3}},"type":"if","locations":[{"start":{"line":354,"column":2},"end":{"line":360,"column":3}},{"start":{"line":358,"column":9},"end":{"line":360,"column":3}}],"line":354},"37":{"loc":{"start":{"line":368,"column":2},"end":{"line":370,"column":3}},"type":"if","locations":[{"start":{"line":368,"column":2},"end":{"line":370,"column":3}},{"start":{},"end":{}}],"line":368},"38":{"loc":{"start":{"line":373,"column":2},"end":{"line":373,"column":81}},"type":"if","locations":[{"start":{"line":373,"column":2},"end":{"line":373,"column":81}},{"start":{},"end":{}}],"line":373},"39":{"loc":{"start":{"line":376,"column":2},"end":{"line":376,"column":89}},"type":"if","locations":[{"start":{"line":376,"column":2},"end":{"line":376,"column":89}},{"start":{},"end":{}}],"line":376},"40":{"loc":{"start":{"line":384,"column":2},"end":{"line":390,"column":3}},"type":"if","locations":[{"start":{"line":384,"column":2},"end":{"line":390,"column":3}},{"start":{"line":388,"column":9},"end":{"line":390,"column":3}}],"line":384},"41":{"loc":{"start":{"line":436,"column":2},"end":{"line":436,"column":78}},"type":"if","locations":[{"start":{"line":436,"column":2},"end":{"line":436,"column":78}},{"start":{},"end":{}}],"line":436},"42":{"loc":{"start":{"line":499,"column":2},"end":{"line":499,"column":50}},"type":"if","locations":[{"start":{"line":499,"column":2},"end":{"line":499,"column":50}},{"start":{},"end":{}}],"line":499},"43":{"loc":{"start":{"line":500,"column":2},"end":{"line":503,"column":3}},"type":"if","locations":[{"start":{"line":500,"column":2},"end":{"line":503,"column":3}},{"start":{},"end":{}}],"line":500},"44":{"loc":{"start":{"line":502,"column":11},"end":{"line":502,"column":57}},"type":"binary-expr","locations":[{"start":{"line":502,"column":11},"end":{"line":502,"column":15}},{"start":{"line":502,"column":19},"end":{"line":502,"column":57}}],"line":502},"45":{"loc":{"start":{"line":513,"column":9},"end":{"line":513,"column":80}},"type":"binary-expr","locations":[{"start":{"line":513,"column":9},"end":{"line":513,"column":39}},{"start":{"line":513,"column":43},"end":{"line":513,"column":80}}],"line":513},"46":{"loc":{"start":{"line":523,"column":2},"end":{"line":523,"column":64}},"type":"if","locations":[{"start":{"line":523,"column":2},"end":{"line":523,"column":64}},{"start":{},"end":{}}],"line":523},"47":{"loc":{"start":{"line":525,"column":9},"end":{"line":525,"column":102}},"type":"cond-expr","locations":[{"start":{"line":525,"column":17},"end":{"line":525,"column":38}},{"start":{"line":525,"column":41},"end":{"line":525,"column":102}}],"line":525},"48":{"loc":{"start":{"line":536,"column":18},"end":{"line":536,"column":58}},"type":"binary-expr","locations":[{"start":{"line":536,"column":18},"end":{"line":536,"column":52}},{"start":{"line":536,"column":56},"end":{"line":536,"column":58}}],"line":536},"49":{"loc":{"start":{"line":540,"column":10},"end":{"line":540,"column":37}},"type":"binary-expr","locations":[{"start":{"line":540,"column":10},"end":{"line":540,"column":14}},{"start":{"line":540,"column":18},"end":{"line":540,"column":37}}],"line":540},"50":{"loc":{"start":{"line":541,"column":16},"end":{"line":541,"column":37}},"type":"binary-expr","locations":[{"start":{"line":541,"column":16},"end":{"line":541,"column":26}},{"start":{"line":541,"column":30},"end":{"line":541,"column":37}}],"line":541},"51":{"loc":{"start":{"line":542,"column":14},"end":{"line":542,"column":46}},"type":"binary-expr","locations":[{"start":{"line":542,"column":14},"end":{"line":542,"column":22}},{"start":{"line":542,"column":26},"end":{"line":542,"column":46}}],"line":542},"52":{"loc":{"start":{"line":561,"column":18},"end":{"line":561,"column":58}},"type":"binary-expr","locations":[{"start":{"line":561,"column":18},"end":{"line":561,"column":52}},{"start":{"line":561,"column":56},"end":{"line":561,"column":58}}],"line":561},"53":{"loc":{"start":{"line":564,"column":4},"end":{"line":564,"column":65}},"type":"if","locations":[{"start":{"line":564,"column":4},"end":{"line":564,"column":65}},{"start":{},"end":{}}],"line":564},"54":{"loc":{"start":{"line":564,"column":8},"end":{"line":564,"column":49}},"type":"binary-expr","locations":[{"start":{"line":564,"column":8},"end":{"line":564,"column":18}},{"start":{"line":564,"column":22},"end":{"line":564,"column":49}}],"line":564},"55":{"loc":{"start":{"line":565,"column":4},"end":{"line":565,"column":82}},"type":"if","locations":[{"start":{"line":565,"column":4},"end":{"line":565,"column":82}},{"start":{},"end":{}}],"line":565},"56":{"loc":{"start":{"line":565,"column":8},"end":{"line":565,"column":66}},"type":"binary-expr","locations":[{"start":{"line":565,"column":8},"end":{"line":565,"column":12}},{"start":{"line":565,"column":16},"end":{"line":565,"column":66}}],"line":565},"57":{"loc":{"start":{"line":566,"column":4},"end":{"line":566,"column":73}},"type":"if","locations":[{"start":{"line":566,"column":4},"end":{"line":566,"column":73}},{"start":{},"end":{}}],"line":566},"58":{"loc":{"start":{"line":566,"column":8},"end":{"line":566,"column":57}},"type":"binary-expr","locations":[{"start":{"line":566,"column":8},"end":{"line":566,"column":14}},{"start":{"line":566,"column":18},"end":{"line":566,"column":34}},{"start":{"line":566,"column":38},"end":{"line":566,"column":57}}],"line":566},"59":{"loc":{"start":{"line":578,"column":18},"end":{"line":578,"column":58}},"type":"binary-expr","locations":[{"start":{"line":578,"column":18},"end":{"line":578,"column":52}},{"start":{"line":578,"column":56},"end":{"line":578,"column":58}}],"line":578},"60":{"loc":{"start":{"line":580,"column":2},"end":{"line":580,"column":65}},"type":"if","locations":[{"start":{"line":580,"column":2},"end":{"line":580,"column":65}},{"start":{},"end":{}}],"line":580},"61":{"loc":{"start":{"line":585,"column":52},"end":{"line":585,"column":71}},"type":"binary-expr","locations":[{"start":{"line":585,"column":52},"end":{"line":585,"column":56}},{"start":{"line":585,"column":60},"end":{"line":585,"column":71}}],"line":585},"62":{"loc":{"start":{"line":603,"column":2},"end":{"line":603,"column":96}},"type":"if","locations":[{"start":{"line":603,"column":2},"end":{"line":603,"column":96}},{"start":{},"end":{}}],"line":603},"63":{"loc":{"start":{"line":603,"column":6},"end":{"line":603,"column":31}},"type":"binary-expr","locations":[{"start":{"line":603,"column":6},"end":{"line":603,"column":16}},{"start":{"line":603,"column":20},"end":{"line":603,"column":31}}],"line":603},"64":{"loc":{"start":{"line":608,"column":2},"end":{"line":612,"column":3}},"type":"if","locations":[{"start":{"line":608,"column":2},"end":{"line":612,"column":3}},{"start":{"line":610,"column":9},"end":{"line":612,"column":3}}],"line":608},"65":{"loc":{"start":{"line":610,"column":9},"end":{"line":612,"column":3}},"type":"if","locations":[{"start":{"line":610,"column":9},"end":{"line":612,"column":3}},{"start":{},"end":{}}],"line":610},"66":{"loc":{"start":{"line":621,"column":20},"end":{"line":621,"column":52}},"type":"binary-expr","locations":[{"start":{"line":621,"column":20},"end":{"line":621,"column":42}},{"start":{"line":621,"column":46},"end":{"line":621,"column":52}}],"line":621},"67":{"loc":{"start":{"line":623,"column":4},"end":{"line":623,"column":25}},"type":"if","locations":[{"start":{"line":623,"column":4},"end":{"line":623,"column":25}},{"start":{},"end":{}}],"line":623},"68":{"loc":{"start":{"line":624,"column":4},"end":{"line":626,"column":5}},"type":"if","locations":[{"start":{"line":624,"column":4},"end":{"line":626,"column":5}},{"start":{},"end":{}}],"line":624},"69":{"loc":{"start":{"line":625,"column":13},"end":{"line":625,"column":79}},"type":"binary-expr","locations":[{"start":{"line":625,"column":13},"end":{"line":625,"column":42}},{"start":{"line":625,"column":46},"end":{"line":625,"column":79}}],"line":625},"70":{"loc":{"start":{"line":631,"column":2},"end":{"line":641,"column":3}},"type":"if","locations":[{"start":{"line":631,"column":2},"end":{"line":641,"column":3}},{"start":{},"end":{}}],"line":631},"71":{"loc":{"start":{"line":631,"column":6},"end":{"line":631,"column":39}},"type":"binary-expr","locations":[{"start":{"line":631,"column":6},"end":{"line":631,"column":14}},{"start":{"line":631,"column":18},"end":{"line":631,"column":39}}],"line":631},"72":{"loc":{"start":{"line":635,"column":6},"end":{"line":639,"column":7}},"type":"if","locations":[{"start":{"line":635,"column":6},"end":{"line":639,"column":7}},{"start":{},"end":{}}],"line":635},"73":{"loc":{"start":{"line":635,"column":10},"end":{"line":635,"column":42}},"type":"binary-expr","locations":[{"start":{"line":635,"column":10},"end":{"line":635,"column":17}},{"start":{"line":635,"column":21},"end":{"line":635,"column":42}}],"line":635},"74":{"loc":{"start":{"line":644,"column":24},"end":{"line":644,"column":80}},"type":"binary-expr","locations":[{"start":{"line":644,"column":24},"end":{"line":644,"column":51}},{"start":{"line":644,"column":55},"end":{"line":644,"column":80}}],"line":644},"75":{"loc":{"start":{"line":648,"column":18},"end":{"line":648,"column":55}},"type":"binary-expr","locations":[{"start":{"line":648,"column":18},"end":{"line":648,"column":41}},{"start":{"line":648,"column":45},"end":{"line":648,"column":55}}],"line":648},"76":{"loc":{"start":{"line":651,"column":19},"end":{"line":651,"column":36}},"type":"cond-expr","locations":[{"start":{"line":651,"column":30},"end":{"line":651,"column":32}},{"start":{"line":651,"column":35},"end":{"line":651,"column":36}}],"line":651},"77":{"loc":{"start":{"line":652,"column":19},"end":{"line":652,"column":39}},"type":"cond-expr","locations":[{"start":{"line":652,"column":30},"end":{"line":652,"column":33}},{"start":{"line":652,"column":36},"end":{"line":652,"column":39}}],"line":652},"78":{"loc":{"start":{"line":663,"column":18},"end":{"line":665,"column":123}},"type":"cond-expr","locations":[{"start":{"line":664,"column":8},"end":{"line":664,"column":149}},{"start":{"line":665,"column":8},"end":{"line":665,"column":123}}],"line":663},"79":{"loc":{"start":{"line":681,"column":20},"end":{"line":681,"column":60}},"type":"binary-expr","locations":[{"start":{"line":681,"column":20},"end":{"line":681,"column":30}},{"start":{"line":681,"column":34},"end":{"line":681,"column":60}}],"line":681},"80":{"loc":{"start":{"line":682,"column":28},"end":{"line":682,"column":41}},"type":"binary-expr","locations":[{"start":{"line":682,"column":28},"end":{"line":682,"column":35}},{"start":{"line":682,"column":39},"end":{"line":682,"column":41}}],"line":682},"81":{"loc":{"start":{"line":689,"column":2},"end":{"line":697,"column":3}},"type":"if","locations":[{"start":{"line":689,"column":2},"end":{"line":697,"column":3}},{"start":{},"end":{}}],"line":689},"82":{"loc":{"start":{"line":707,"column":20},"end":{"line":709,"column":27}},"type":"cond-expr","locations":[{"start":{"line":708,"column":6},"end":{"line":708,"column":127}},{"start":{"line":709,"column":6},"end":{"line":709,"column":27}}],"line":707},"83":{"loc":{"start":{"line":708,"column":27},"end":{"line":708,"column":126}},"type":"cond-expr","locations":[{"start":{"line":708,"column":50},"end":{"line":708,"column":121}},{"start":{"line":708,"column":124},"end":{"line":708,"column":126}}],"line":708},"84":{"loc":{"start":{"line":816,"column":19},"end":{"line":816,"column":32}},"type":"binary-expr","locations":[{"start":{"line":816,"column":19},"end":{"line":816,"column":26}},{"start":{"line":816,"column":30},"end":{"line":816,"column":32}}],"line":816},"85":{"loc":{"start":{"line":817,"column":4},"end":{"line":817,"column":43}},"type":"if","locations":[{"start":{"line":817,"column":4},"end":{"line":817,"column":43}},{"start":{},"end":{}}],"line":817},"86":{"loc":{"start":{"line":818,"column":4},"end":{"line":823,"column":5}},"type":"if","locations":[{"start":{"line":818,"column":4},"end":{"line":823,"column":5}},{"start":{},"end":{}}],"line":818},"87":{"loc":{"start":{"line":820,"column":14},"end":{"line":820,"column":55}},"type":"cond-expr","locations":[{"start":{"line":820,"column":39},"end":{"line":820,"column":46}},{"start":{"line":820,"column":49},"end":{"line":820,"column":55}}],"line":820},"88":{"loc":{"start":{"line":836,"column":9},"end":{"line":836,"column":63}},"type":"binary-expr","locations":[{"start":{"line":836,"column":9},"end":{"line":836,"column":22}},{"start":{"line":836,"column":26},"end":{"line":836,"column":50}},{"start":{"line":836,"column":54},"end":{"line":836,"column":63}}],"line":836},"89":{"loc":{"start":{"line":848,"column":8},"end":{"line":866,"column":9}},"type":"if","locations":[{"start":{"line":848,"column":8},"end":{"line":866,"column":9}},{"start":{"line":850,"column":15},"end":{"line":866,"column":9}}],"line":848},"90":{"loc":{"start":{"line":850,"column":15},"end":{"line":866,"column":9}},"type":"if","locations":[{"start":{"line":850,"column":15},"end":{"line":866,"column":9}},{"start":{"line":852,"column":15},"end":{"line":866,"column":9}}],"line":850},"91":{"loc":{"start":{"line":852,"column":15},"end":{"line":866,"column":9}},"type":"if","locations":[{"start":{"line":852,"column":15},"end":{"line":866,"column":9}},{"start":{"line":856,"column":15},"end":{"line":866,"column":9}}],"line":852},"92":{"loc":{"start":{"line":854,"column":25},"end":{"line":854,"column":86}},"type":"binary-expr","locations":[{"start":{"line":854,"column":25},"end":{"line":854,"column":53}},{"start":{"line":854,"column":57},"end":{"line":854,"column":72}},{"start":{"line":854,"column":76},"end":{"line":854,"column":86}}],"line":854},"93":{"loc":{"start":{"line":856,"column":15},"end":{"line":866,"column":9}},"type":"if","locations":[{"start":{"line":856,"column":15},"end":{"line":866,"column":9}},{"start":{"line":858,"column":15},"end":{"line":866,"column":9}}],"line":856},"94":{"loc":{"start":{"line":858,"column":15},"end":{"line":866,"column":9}},"type":"if","locations":[{"start":{"line":858,"column":15},"end":{"line":866,"column":9}},{"start":{"line":860,"column":15},"end":{"line":866,"column":9}}],"line":858},"95":{"loc":{"start":{"line":860,"column":15},"end":{"line":866,"column":9}},"type":"if","locations":[{"start":{"line":860,"column":15},"end":{"line":866,"column":9}},{"start":{"line":862,"column":15},"end":{"line":866,"column":9}}],"line":860},"96":{"loc":{"start":{"line":862,"column":15},"end":{"line":866,"column":9}},"type":"if","locations":[{"start":{"line":862,"column":15},"end":{"line":866,"column":9}},{"start":{"line":864,"column":15},"end":{"line":866,"column":9}}],"line":862},"97":{"loc":{"start":{"line":890,"column":19},"end":{"line":890,"column":48}},"type":"binary-expr","locations":[{"start":{"line":890,"column":19},"end":{"line":890,"column":34}},{"start":{"line":890,"column":38},"end":{"line":890,"column":48}}],"line":890},"98":{"loc":{"start":{"line":892,"column":2},"end":{"line":1003,"column":3}},"type":"if","locations":[{"start":{"line":892,"column":2},"end":{"line":1003,"column":3}},{"start":{},"end":{}}],"line":892},"99":{"loc":{"start":{"line":893,"column":23},"end":{"line":893,"column":304}},"type":"binary-expr","locations":[{"start":{"line":893,"column":23},"end":{"line":893,"column":48}},{"start":{"line":893,"column":52},"end":{"line":893,"column":77}},{"start":{"line":893,"column":81},"end":{"line":893,"column":108}},{"start":{"line":893,"column":112},"end":{"line":893,"column":140}},{"start":{"line":893,"column":144},"end":{"line":893,"column":172}},{"start":{"line":893,"column":176},"end":{"line":893,"column":204}},{"start":{"line":893,"column":208},"end":{"line":893,"column":239}},{"start":{"line":893,"column":243},"end":{"line":893,"column":274}},{"start":{"line":893,"column":278},"end":{"line":893,"column":304}}],"line":893},"100":{"loc":{"start":{"line":894,"column":22},"end":{"line":894,"column":236}},"type":"binary-expr","locations":[{"start":{"line":894,"column":22},"end":{"line":894,"column":50}},{"start":{"line":894,"column":54},"end":{"line":894,"column":80}},{"start":{"line":894,"column":84},"end":{"line":894,"column":112}},{"start":{"line":894,"column":116},"end":{"line":894,"column":143}},{"start":{"line":894,"column":148},"end":{"line":894,"column":174}},{"start":{"line":894,"column":178},"end":{"line":894,"column":205}},{"start":{"line":894,"column":210},"end":{"line":894,"column":236}}],"line":894},"101":{"loc":{"start":{"line":897,"column":4},"end":{"line":906,"column":5}},"type":"if","locations":[{"start":{"line":897,"column":4},"end":{"line":906,"column":5}},{"start":{},"end":{}}],"line":897},"102":{"loc":{"start":{"line":897,"column":8},"end":{"line":897,"column":185}},"type":"binary-expr","locations":[{"start":{"line":897,"column":8},"end":{"line":897,"column":28}},{"start":{"line":897,"column":32},"end":{"line":897,"column":63}},{"start":{"line":897,"column":67},"end":{"line":897,"column":93}},{"start":{"line":897,"column":97},"end":{"line":897,"column":126}},{"start":{"line":897,"column":130},"end":{"line":897,"column":155}},{"start":{"line":897,"column":159},"end":{"line":897,"column":185}}],"line":897},"103":{"loc":{"start":{"line":899,"column":6},"end":{"line":905,"column":7}},"type":"if","locations":[{"start":{"line":899,"column":6},"end":{"line":905,"column":7}},{"start":{"line":901,"column":13},"end":{"line":905,"column":7}}],"line":899},"104":{"loc":{"start":{"line":901,"column":13},"end":{"line":905,"column":7}},"type":"if","locations":[{"start":{"line":901,"column":13},"end":{"line":905,"column":7}},{"start":{"line":903,"column":13},"end":{"line":905,"column":7}}],"line":901},"105":{"loc":{"start":{"line":909,"column":4},"end":{"line":919,"column":5}},"type":"if","locations":[{"start":{"line":909,"column":4},"end":{"line":919,"column":5}},{"start":{},"end":{}}],"line":909},"106":{"loc":{"start":{"line":909,"column":8},"end":{"line":909,"column":191}},"type":"binary-expr","locations":[{"start":{"line":909,"column":8},"end":{"line":909,"column":36}},{"start":{"line":909,"column":40},"end":{"line":909,"column":66}},{"start":{"line":909,"column":70},"end":{"line":909,"column":96}},{"start":{"line":909,"column":100},"end":{"line":909,"column":124}},{"start":{"line":909,"column":128},"end":{"line":909,"column":156}},{"start":{"line":909,"column":160},"end":{"line":909,"column":191}}],"line":909},"107":{"loc":{"start":{"line":911,"column":60},"end":{"line":911,"column":129}},"type":"cond-expr","locations":[{"start":{"line":911,"column":85},"end":{"line":911,"column":117}},{"start":{"line":911,"column":120},"end":{"line":911,"column":129}}],"line":911},"108":{"loc":{"start":{"line":912,"column":6},"end":{"line":918,"column":7}},"type":"if","locations":[{"start":{"line":912,"column":6},"end":{"line":918,"column":7}},{"start":{"line":914,"column":13},"end":{"line":918,"column":7}}],"line":912},"109":{"loc":{"start":{"line":914,"column":13},"end":{"line":918,"column":7}},"type":"if","locations":[{"start":{"line":914,"column":13},"end":{"line":918,"column":7}},{"start":{"line":916,"column":13},"end":{"line":918,"column":7}}],"line":914},"110":{"loc":{"start":{"line":923,"column":4},"end":{"line":937,"column":5}},"type":"if","locations":[{"start":{"line":923,"column":4},"end":{"line":937,"column":5}},{"start":{},"end":{}}],"line":923},"111":{"loc":{"start":{"line":930,"column":6},"end":{"line":936,"column":7}},"type":"if","locations":[{"start":{"line":930,"column":6},"end":{"line":936,"column":7}},{"start":{"line":932,"column":13},"end":{"line":936,"column":7}}],"line":930},"112":{"loc":{"start":{"line":932,"column":13},"end":{"line":936,"column":7}},"type":"if","locations":[{"start":{"line":932,"column":13},"end":{"line":936,"column":7}},{"start":{"line":934,"column":13},"end":{"line":936,"column":7}}],"line":932},"113":{"loc":{"start":{"line":940,"column":4},"end":{"line":948,"column":5}},"type":"if","locations":[{"start":{"line":940,"column":4},"end":{"line":948,"column":5}},{"start":{},"end":{}}],"line":940},"114":{"loc":{"start":{"line":940,"column":8},"end":{"line":940,"column":150}},"type":"binary-expr","locations":[{"start":{"line":940,"column":8},"end":{"line":940,"column":34}},{"start":{"line":940,"column":38},"end":{"line":940,"column":61}},{"start":{"line":940,"column":65},"end":{"line":940,"column":89}},{"start":{"line":940,"column":93},"end":{"line":940,"column":118}},{"start":{"line":940,"column":122},"end":{"line":940,"column":150}}],"line":940},"115":{"loc":{"start":{"line":941,"column":6},"end":{"line":947,"column":7}},"type":"if","locations":[{"start":{"line":941,"column":6},"end":{"line":947,"column":7}},{"start":{"line":943,"column":13},"end":{"line":947,"column":7}}],"line":941},"116":{"loc":{"start":{"line":943,"column":13},"end":{"line":947,"column":7}},"type":"if","locations":[{"start":{"line":943,"column":13},"end":{"line":947,"column":7}},{"start":{"line":945,"column":13},"end":{"line":947,"column":7}}],"line":943},"117":{"loc":{"start":{"line":950,"column":4},"end":{"line":958,"column":5}},"type":"if","locations":[{"start":{"line":950,"column":4},"end":{"line":958,"column":5}},{"start":{},"end":{}}],"line":950},"118":{"loc":{"start":{"line":950,"column":8},"end":{"line":950,"column":222}},"type":"binary-expr","locations":[{"start":{"line":950,"column":8},"end":{"line":950,"column":33}},{"start":{"line":950,"column":37},"end":{"line":950,"column":63}},{"start":{"line":950,"column":67},"end":{"line":950,"column":98}},{"start":{"line":950,"column":102},"end":{"line":950,"column":129}},{"start":{"line":950,"column":133},"end":{"line":950,"column":162}},{"start":{"line":950,"column":166},"end":{"line":950,"column":191}},{"start":{"line":950,"column":195},"end":{"line":950,"column":222}}],"line":950},"119":{"loc":{"start":{"line":951,"column":6},"end":{"line":957,"column":7}},"type":"if","locations":[{"start":{"line":951,"column":6},"end":{"line":957,"column":7}},{"start":{"line":953,"column":13},"end":{"line":957,"column":7}}],"line":951},"120":{"loc":{"start":{"line":953,"column":13},"end":{"line":957,"column":7}},"type":"if","locations":[{"start":{"line":953,"column":13},"end":{"line":957,"column":7}},{"start":{"line":955,"column":13},"end":{"line":957,"column":7}}],"line":953},"121":{"loc":{"start":{"line":960,"column":4},"end":{"line":968,"column":5}},"type":"if","locations":[{"start":{"line":960,"column":4},"end":{"line":968,"column":5}},{"start":{},"end":{}}],"line":960},"122":{"loc":{"start":{"line":960,"column":8},"end":{"line":960,"column":155}},"type":"binary-expr","locations":[{"start":{"line":960,"column":8},"end":{"line":960,"column":33}},{"start":{"line":960,"column":37},"end":{"line":960,"column":63}},{"start":{"line":960,"column":67},"end":{"line":960,"column":94}},{"start":{"line":960,"column":98},"end":{"line":960,"column":124}},{"start":{"line":960,"column":128},"end":{"line":960,"column":155}}],"line":960},"123":{"loc":{"start":{"line":961,"column":6},"end":{"line":967,"column":7}},"type":"if","locations":[{"start":{"line":961,"column":6},"end":{"line":967,"column":7}},{"start":{"line":963,"column":13},"end":{"line":967,"column":7}}],"line":961},"124":{"loc":{"start":{"line":963,"column":13},"end":{"line":967,"column":7}},"type":"if","locations":[{"start":{"line":963,"column":13},"end":{"line":967,"column":7}},{"start":{"line":965,"column":13},"end":{"line":967,"column":7}}],"line":963},"125":{"loc":{"start":{"line":970,"column":4},"end":{"line":978,"column":5}},"type":"if","locations":[{"start":{"line":970,"column":4},"end":{"line":978,"column":5}},{"start":{},"end":{}}],"line":970},"126":{"loc":{"start":{"line":970,"column":8},"end":{"line":970,"column":126}},"type":"binary-expr","locations":[{"start":{"line":970,"column":8},"end":{"line":970,"column":34}},{"start":{"line":970,"column":38},"end":{"line":970,"column":66}},{"start":{"line":970,"column":70},"end":{"line":970,"column":96}},{"start":{"line":970,"column":100},"end":{"line":970,"column":126}}],"line":970},"127":{"loc":{"start":{"line":971,"column":6},"end":{"line":977,"column":7}},"type":"if","locations":[{"start":{"line":971,"column":6},"end":{"line":977,"column":7}},{"start":{"line":973,"column":13},"end":{"line":977,"column":7}}],"line":971},"128":{"loc":{"start":{"line":973,"column":13},"end":{"line":977,"column":7}},"type":"if","locations":[{"start":{"line":973,"column":13},"end":{"line":977,"column":7}},{"start":{"line":975,"column":13},"end":{"line":977,"column":7}}],"line":973},"129":{"loc":{"start":{"line":981,"column":4},"end":{"line":987,"column":5}},"type":"if","locations":[{"start":{"line":981,"column":4},"end":{"line":987,"column":5}},{"start":{},"end":{}}],"line":981},"130":{"loc":{"start":{"line":981,"column":8},"end":{"line":981,"column":218}},"type":"binary-expr","locations":[{"start":{"line":981,"column":8},"end":{"line":981,"column":33}},{"start":{"line":981,"column":38},"end":{"line":981,"column":61}},{"start":{"line":981,"column":65},"end":{"line":981,"column":89}},{"start":{"line":981,"column":93},"end":{"line":981,"column":118}},{"start":{"line":981,"column":122},"end":{"line":981,"column":150}},{"start":{"line":981,"column":154},"end":{"line":981,"column":182}},{"start":{"line":981,"column":186},"end":{"line":981,"column":217}}],"line":981},"131":{"loc":{"start":{"line":982,"column":6},"end":{"line":986,"column":7}},"type":"if","locations":[{"start":{"line":982,"column":6},"end":{"line":986,"column":7}},{"start":{"line":984,"column":13},"end":{"line":986,"column":7}}],"line":982},"132":{"loc":{"start":{"line":990,"column":4},"end":{"line":996,"column":5}},"type":"if","locations":[{"start":{"line":990,"column":4},"end":{"line":996,"column":5}},{"start":{},"end":{}}],"line":990},"133":{"loc":{"start":{"line":990,"column":8},"end":{"line":990,"column":245}},"type":"binary-expr","locations":[{"start":{"line":990,"column":8},"end":{"line":990,"column":34}},{"start":{"line":990,"column":38},"end":{"line":990,"column":63}},{"start":{"line":990,"column":67},"end":{"line":990,"column":91}},{"start":{"line":990,"column":95},"end":{"line":990,"column":120}},{"start":{"line":990,"column":124},"end":{"line":990,"column":152}},{"start":{"line":990,"column":156},"end":{"line":990,"column":184}},{"start":{"line":990,"column":188},"end":{"line":990,"column":214}},{"start":{"line":990,"column":218},"end":{"line":990,"column":245}}],"line":990},"134":{"loc":{"start":{"line":991,"column":6},"end":{"line":995,"column":7}},"type":"if","locations":[{"start":{"line":991,"column":6},"end":{"line":995,"column":7}},{"start":{"line":993,"column":13},"end":{"line":995,"column":7}}],"line":991},"135":{"loc":{"start":{"line":998,"column":4},"end":{"line":1002,"column":5}},"type":"if","locations":[{"start":{"line":998,"column":4},"end":{"line":1002,"column":5}},{"start":{"line":1000,"column":11},"end":{"line":1002,"column":5}}],"line":998},"136":{"loc":{"start":{"line":1007,"column":2},"end":{"line":1053,"column":3}},"type":"if","locations":[{"start":{"line":1007,"column":2},"end":{"line":1053,"column":3}},{"start":{},"end":{}}],"line":1007},"137":{"loc":{"start":{"line":1009,"column":4},"end":{"line":1021,"column":5}},"type":"if","locations":[{"start":{"line":1009,"column":4},"end":{"line":1021,"column":5}},{"start":{},"end":{}}],"line":1009},"138":{"loc":{"start":{"line":1009,"column":8},"end":{"line":1009,"column":127}},"type":"binary-expr","locations":[{"start":{"line":1009,"column":8},"end":{"line":1009,"column":39}},{"start":{"line":1009,"column":43},"end":{"line":1009,"column":68}},{"start":{"line":1009,"column":72},"end":{"line":1009,"column":97}},{"start":{"line":1009,"column":101},"end":{"line":1009,"column":127}}],"line":1009},"139":{"loc":{"start":{"line":1014,"column":6},"end":{"line":1020,"column":7}},"type":"if","locations":[{"start":{"line":1014,"column":6},"end":{"line":1020,"column":7}},{"start":{"line":1016,"column":13},"end":{"line":1020,"column":7}}],"line":1014},"140":{"loc":{"start":{"line":1016,"column":13},"end":{"line":1020,"column":7}},"type":"if","locations":[{"start":{"line":1016,"column":13},"end":{"line":1020,"column":7}},{"start":{"line":1018,"column":13},"end":{"line":1020,"column":7}}],"line":1016},"141":{"loc":{"start":{"line":1024,"column":4},"end":{"line":1038,"column":5}},"type":"if","locations":[{"start":{"line":1024,"column":4},"end":{"line":1038,"column":5}},{"start":{},"end":{}}],"line":1024},"142":{"loc":{"start":{"line":1024,"column":8},"end":{"line":1024,"column":186}},"type":"binary-expr","locations":[{"start":{"line":1024,"column":8},"end":{"line":1024,"column":32}},{"start":{"line":1024,"column":36},"end":{"line":1024,"column":62}},{"start":{"line":1024,"column":66},"end":{"line":1024,"column":95}},{"start":{"line":1024,"column":99},"end":{"line":1024,"column":125}},{"start":{"line":1024,"column":129},"end":{"line":1024,"column":156}},{"start":{"line":1024,"column":160},"end":{"line":1024,"column":186}}],"line":1024},"143":{"loc":{"start":{"line":1029,"column":6},"end":{"line":1037,"column":7}},"type":"if","locations":[{"start":{"line":1029,"column":6},"end":{"line":1037,"column":7}},{"start":{"line":1031,"column":13},"end":{"line":1037,"column":7}}],"line":1029},"144":{"loc":{"start":{"line":1031,"column":13},"end":{"line":1037,"column":7}},"type":"if","locations":[{"start":{"line":1031,"column":13},"end":{"line":1037,"column":7}},{"start":{"line":1033,"column":13},"end":{"line":1037,"column":7}}],"line":1031},"145":{"loc":{"start":{"line":1033,"column":13},"end":{"line":1037,"column":7}},"type":"if","locations":[{"start":{"line":1033,"column":13},"end":{"line":1037,"column":7}},{"start":{"line":1035,"column":13},"end":{"line":1037,"column":7}}],"line":1033},"146":{"loc":{"start":{"line":1041,"column":28},"end":{"line":1041,"column":117}},"type":"binary-expr","locations":[{"start":{"line":1041,"column":28},"end":{"line":1041,"column":57}},{"start":{"line":1041,"column":61},"end":{"line":1041,"column":86}},{"start":{"line":1041,"column":90},"end":{"line":1041,"column":117}}],"line":1041},"147":{"loc":{"start":{"line":1043,"column":4},"end":{"line":1050,"column":5}},"type":"if","locations":[{"start":{"line":1043,"column":4},"end":{"line":1050,"column":5}},{"start":{},"end":{}}],"line":1043},"148":{"loc":{"start":{"line":1043,"column":8},"end":{"line":1043,"column":34}},"type":"binary-expr","locations":[{"start":{"line":1043,"column":8},"end":{"line":1043,"column":23}},{"start":{"line":1043,"column":27},"end":{"line":1043,"column":34}}],"line":1043},"149":{"loc":{"start":{"line":1046,"column":6},"end":{"line":1048,"column":7}},"type":"if","locations":[{"start":{"line":1046,"column":6},"end":{"line":1048,"column":7}},{"start":{},"end":{}}],"line":1046},"150":{"loc":{"start":{"line":1072,"column":17},"end":{"line":1072,"column":34}},"type":"binary-expr","locations":[{"start":{"line":1072,"column":17},"end":{"line":1072,"column":27}},{"start":{"line":1072,"column":31},"end":{"line":1072,"column":34}}],"line":1072},"151":{"loc":{"start":{"line":1074,"column":11},"end":{"line":1074,"column":65}},"type":"cond-expr","locations":[{"start":{"line":1074,"column":28},"end":{"line":1074,"column":51}},{"start":{"line":1074,"column":54},"end":{"line":1074,"column":65}}],"line":1074},"152":{"loc":{"start":{"line":1079,"column":0},"end":{"line":1087,"column":1}},"type":"if","locations":[{"start":{"line":1079,"column":0},"end":{"line":1087,"column":1}},{"start":{},"end":{}}],"line":1079}},"s":{"0":1,"1":1,"2":1,"3":1,"4":1,"5":1,"6":1,"7":1,"8":1,"9":11,"10":11,"11":11,"12":0,"13":11,"14":2,"15":9,"16":1,"17":1,"18":1,"19":1,"20":0,"21":1,"22":1,"23":1,"24":1,"25":1,"26":1,"27":1,"28":36,"29":36,"30":36,"31":36,"32":36,"33":36,"34":36,"35":36,"36":36,"37":1,"38":36,"39":36,"40":36,"41":0,"42":36,"43":36,"44":36,"45":36,"46":0,"47":36,"48":1,"49":60,"50":2,"51":58,"52":1,"53":1,"54":36,"55":36,"56":36,"57":1,"58":36,"59":630,"60":36,"61":0,"62":36,"63":36,"64":1,"65":1,"66":1,"67":1,"68":1,"69":5,"70":5,"71":5,"72":5,"73":0,"74":0,"75":1,"76":26,"77":0,"78":0,"79":26,"80":1,"81":11,"82":0,"83":0,"84":11,"85":11,"86":11,"87":11,"88":0,"89":11,"90":1,"91":16,"92":16,"93":0,"94":0,"95":1,"96":0,"97":0,"98":0,"99":0,"100":1,"101":2,"102":1,"103":4,"104":4,"105":4,"106":4,"107":4,"108":1,"109":3,"110":3,"111":1,"112":2,"113":2,"114":0,"115":2,"116":4,"117":2,"118":1,"119":1,"120":1,"121":1,"122":1,"123":1,"124":1,"125":1,"126":1,"127":1,"128":1,"129":1,"130":0,"131":1,"132":1,"133":1,"134":2,"135":2,"136":2,"137":2,"138":0,"139":2,"140":0,"141":2,"142":2,"143":0,"144":2,"145":3,"146":2,"147":1,"148":1,"149":1,"150":1,"151":1,"152":1,"153":1,"154":1,"155":1,"156":1,"157":4,"158":4,"159":4,"160":4,"161":4,"162":0,"163":4,"164":4,"165":4,"166":4,"167":4,"168":4,"169":4,"170":0,"171":1,"172":2,"173":2,"174":0,"175":2,"176":2,"177":0,"178":2,"179":6,"180":2,"181":1,"182":1,"183":1,"184":1,"185":1,"186":1,"187":1,"188":1,"189":1,"190":0,"191":1,"192":1,"193":1,"194":1,"195":1,"196":1,"197":1,"198":1,"199":1,"200":1,"201":1,"202":2,"203":2,"204":1,"205":1,"206":1,"207":1,"208":1,"209":1,"210":1,"211":1,"212":1,"213":0,"214":1,"215":0,"216":0,"217":0,"218":1,"219":1,"220":1,"221":1,"222":1,"223":1,"224":0,"225":1,"226":1,"227":1,"228":0,"229":0,"230":0,"231":0,"232":0,"233":0,"234":1,"235":1,"236":1,"237":5,"238":5,"239":0,"240":5,"241":0,"242":5,"243":1,"244":5,"245":1,"246":2,"247":2,"248":10,"249":2,"250":1,"251":1,"252":1,"253":1,"254":1,"255":1,"256":1,"257":1,"258":1,"259":3,"260":3,"261":3,"262":0,"263":3,"264":3,"265":3,"266":0,"267":3,"268":0,"269":3,"270":6,"271":9,"272":3,"273":3,"274":3,"275":3,"276":3,"277":6,"278":0,"279":6,"280":6,"281":0,"282":3,"283":3,"284":9,"285":3,"286":3,"287":3,"288":3,"289":3,"290":3,"291":3,"292":3,"293":3,"294":3,"295":3,"296":3,"297":3,"298":3,"299":3,"300":1,"301":16,"302":16,"303":16,"304":16,"305":16,"306":16,"307":16,"308":16,"309":0,"310":16,"311":16,"312":0,"313":0,"314":0,"315":0,"316":16,"317":16,"318":0,"319":0,"320":0,"321":0,"322":0,"323":0,"324":0,"325":0,"326":0,"327":0,"328":0,"329":0,"330":0,"331":0,"332":0,"333":0,"334":0,"335":0,"336":0,"337":0,"338":0,"339":0,"340":0,"341":0,"342":0,"343":0,"344":0,"345":0,"346":0,"347":0,"348":0,"349":0,"350":0,"351":0,"352":0,"353":0,"354":0,"355":0,"356":0,"357":0,"358":0,"359":0,"360":0,"361":0,"362":0,"363":16,"364":16,"365":16,"366":11,"367":11,"368":11,"369":1,"370":1,"371":0,"372":1,"373":0,"374":1,"375":10,"376":1,"377":1,"378":2,"379":1,"380":0,"381":1,"382":0,"383":1,"384":9,"385":9,"386":3,"387":3,"388":3,"389":3,"390":1,"391":2,"392":2,"393":0,"394":6,"395":1,"396":0,"397":1,"398":0,"399":1,"400":5,"401":1,"402":0,"403":1,"404":0,"405":1,"406":4,"407":1,"408":0,"409":1,"410":0,"411":1,"412":3,"413":1,"414":0,"415":1,"416":0,"417":1,"418":2,"419":1,"420":0,"421":1,"422":1,"423":1,"424":0,"425":1,"426":0,"427":0,"428":0,"429":5,"430":5,"431":1,"432":1,"433":3,"434":1,"435":3,"436":1,"437":0,"438":1,"439":1,"440":0,"441":4,"442":1,"443":1,"444":4,"445":1,"446":4,"447":1,"448":0,"449":1,"450":1,"451":0,"452":0,"453":0,"454":3,"455":3,"456":3,"457":2,"458":2,"459":2,"460":1,"461":1,"462":1,"463":0,"464":1,"465":1,"466":1,"467":0,"468":0,"469":0,"470":1,"471":0,"472":0,"473":0,"474":0,"475":0,"476":0,"477":1},"f":{"0":11,"1":1,"2":36,"3":36,"4":60,"5":36,"6":630,"7":5,"8":26,"9":11,"10":11,"11":16,"12":0,"13":0,"14":0,"15":2,"16":4,"17":4,"18":1,"19":2,"20":3,"21":1,"22":4,"23":2,"24":6,"25":1,"26":2,"27":1,"28":0,"29":1,"30":1,"31":0,"32":1,"33":5,"34":2,"35":10,"36":3,"37":6,"38":9,"39":6,"40":9,"41":16,"42":0,"43":0,"44":16,"45":2,"46":3,"47":3,"48":4,"49":4,"50":1,"51":0,"52":0},"b":{"0":[0,11],"1":[2,9],"2":[1,1],"3":[1,0],"4":[1,1],"5":[0,36],"6":[36,0],"7":[0,36],"8":[2,58],"9":[36,0],"10":[1,35],"11":[0,36],"12":[0,26],"13":[0,11],"14":[0,11],"15":[0,0],"16":[1,3],"17":[1,2],"18":[3,3],"19":[0,2],"20":[1,1],"21":[1,0],"22":[1,0],"23":[1,0],"24":[1,0],"25":[2,1],"26":[0,2],"27":[0,2],"28":[0,2],"29":[1,1],"30":[0,4],"31":[4,4],"32":[4,0],"33":[4,0],"34":[4,0],"35":[4,0],"36":[4,0],"37":[0,2],"38":[0,2],"39":[1,1],"40":[1,0],"41":[1,1],"42":[0,1],"43":[0,1],"44":[0,0],"45":[1,0],"46":[0,1],"47":[1,0],"48":[0,0],"49":[0,0],"50":[0,0],"51":[0,0],"52":[1,0],"53":[0,5],"54":[5,0],"55":[0,5],"56":[5,0],"57":[1,4],"58":[5,5,5],"59":[2,0],"60":[1,1],"61":[1,0],"62":[0,3],"63":[3,3],"64":[0,3],"65":[0,3],"66":[3,0],"67":[0,6],"68":[6,0],"69":[6,3],"70":[3,0],"71":[3,3],"72":[3,0],"73":[3,3],"74":[3,0],"75":[3,0],"76":[3,0],"77":[3,0],"78":[3,0],"79":[16,16],"80":[16,0],"81":[0,16],"82":[0,0],"83":[0,0],"84":[0,0],"85":[0,0],"86":[0,0],"87":[0,0],"88":[0,0,0],"89":[0,0],"90":[0,0],"91":[0,0],"92":[0,0,0],"93":[0,0],"94":[0,0],"95":[0,0],"96":[0,0],"97":[16,15],"98":[11,5],"99":[11,11,10,10,10,10,10,10,10],"100":[11,10,10,9,9,1,9],"101":[1,10],"102":[11,10,10,10,10,10],"103":[0,1],"104":[0,1],"105":[1,9],"106":[10,10,9,9,9,9],"107":[1,1],"108":[0,1],"109":[0,1],"110":[3,6],"111":[1,2],"112":[2,0],"113":[1,5],"114":[6,5,5,5,5],"115":[0,1],"116":[0,1],"117":[1,4],"118":[5,4,4,4,4,4,4],"119":[0,1],"120":[0,1],"121":[1,3],"122":[4,3,3,3,3],"123":[0,1],"124":[0,1],"125":[1,2],"126":[3,2,2,2],"127":[0,1],"128":[0,1],"129":[1,1],"130":[2,1,0,0,0,0,0],"131":[0,1],"132":[1,0],"133":[1,1,1,0,0,0,0,0],"134":[0,1],"135":[0,0],"136":[5,0],"137":[1,4],"138":[5,5,4,4],"139":[0,1],"140":[1,0],"141":[1,3],"142":[4,3,3,3,3,3],"143":[0,1],"144":[1,0],"145":[0,0],"146":[3,1,1],"147":[2,1],"148":[3,2],"149":[1,1],"150":[0,0],"151":[0,0],"152":[0,1]},"_coverageSchema":"1a1c01bbd47fc00a2c39e90264f33305004495a9","hash":"24b5786c5c9e7273a7608ad0a93a8e1492b7676c"}
}
