TN:
SF:server.js
FN:28,(anonymous_0)
FN:44,(anonymous_1)
FN:67,(anonymous_2)
FN:92,(anonymous_3)
FN:117,(anonymous_4)
FN:134,(anonymous_5)
FN:140,(anonymous_6)
FN:170,(anonymous_7)
FN:187,(anonymous_8)
FN:202,(anonymous_9)
FN:213,(anonymous_10)
FN:226,(anonymous_11)
FN:228,(anonymous_12)
FN:236,(anonymous_13)
FN:240,(anonymous_14)
FN:248,(anonymous_15)
FN:253,(anonymous_16)
FN:271,(anonymous_17)
FN:289,(anonymous_18)
FN:294,(anonymous_19)
FN:310,(anonymous_20)
FN:324,(anonymous_21)
FN:329,(anonymous_22)
FN:364,(anonymous_23)
FN:375,(anonymous_24)
FN:394,(anonymous_25)
FN:434,(anonymous_26)
FN:497,(anonymous_27)
FN:501,(anonymous_28)
FN:512,(anonymous_29)
FN:521,(anonymous_30)
FN:535,(anonymous_31)
FN:560,(anonymous_32)
FN:562,(anonymous_33)
FN:577,(anonymous_34)
FN:579,(anonymous_35)
FN:600,(anonymous_36)
FN:615,(anonymous_37)
FN:615,(anonymous_38)
FN:622,(anonymous_39)
FN:632,(anonymous_40)
FN:673,(anonymous_41)
FN:682,(anonymous_42)
FN:705,runGeminiAgent
FN:888,runFallbackMockAgent
FN:911,(anonymous_45)
FN:1011,(anonymous_46)
FN:1012,(anonymous_47)
FN:1026,(anonymous_48)
FN:1027,(anonymous_49)
FN:1059,(anonymous_50)
FN:1070,(anonymous_51)
FN:1080,(anonymous_52)
FNF:53
FNH:44
FNDA:11,(anonymous_0)
FNDA:1,(anonymous_1)
FNDA:36,(anonymous_2)
FNDA:36,(anonymous_3)
FNDA:60,(anonymous_4)
FNDA:36,(anonymous_5)
FNDA:630,(anonymous_6)
FNDA:5,(anonymous_7)
FNDA:26,(anonymous_8)
FNDA:11,(anonymous_9)
FNDA:11,(anonymous_10)
FNDA:16,(anonymous_11)
FNDA:0,(anonymous_12)
FNDA:0,(anonymous_13)
FNDA:0,(anonymous_14)
FNDA:2,(anonymous_15)
FNDA:4,(anonymous_16)
FNDA:4,(anonymous_17)
FNDA:1,(anonymous_18)
FNDA:2,(anonymous_19)
FNDA:3,(anonymous_20)
FNDA:1,(anonymous_21)
FNDA:4,(anonymous_22)
FNDA:2,(anonymous_23)
FNDA:6,(anonymous_24)
FNDA:1,(anonymous_25)
FNDA:2,(anonymous_26)
FNDA:1,(anonymous_27)
FNDA:0,(anonymous_28)
FNDA:1,(anonymous_29)
FNDA:1,(anonymous_30)
FNDA:0,(anonymous_31)
FNDA:1,(anonymous_32)
FNDA:5,(anonymous_33)
FNDA:2,(anonymous_34)
FNDA:10,(anonymous_35)
FNDA:3,(anonymous_36)
FNDA:6,(anonymous_37)
FNDA:9,(anonymous_38)
FNDA:6,(anonymous_39)
FNDA:9,(anonymous_40)
FNDA:16,(anonymous_41)
FNDA:0,(anonymous_42)
FNDA:0,runGeminiAgent
FNDA:16,runFallbackMockAgent
FNDA:2,(anonymous_45)
FNDA:3,(anonymous_46)
FNDA:3,(anonymous_47)
FNDA:4,(anonymous_48)
FNDA:4,(anonymous_49)
FNDA:1,(anonymous_50)
FNDA:0,(anonymous_51)
FNDA:0,(anonymous_52)
DA:12,1
DA:13,1
DA:14,1
DA:15,1
DA:16,1
DA:17,1
DA:18,1
DA:20,1
DA:28,1
DA:29,11
DA:30,11
DA:31,11
DA:32,0
DA:33,11
DA:34,2
DA:36,9
DA:44,1
DA:45,1
DA:46,1
DA:47,1
DA:49,0
DA:51,1
DA:53,1
DA:55,1
DA:56,1
DA:57,1
DA:60,1
DA:67,1
DA:68,36
DA:69,36
DA:70,36
DA:71,36
DA:72,36
DA:73,36
DA:74,36
DA:75,36
DA:85,36
DA:92,1
DA:93,36
DA:98,36
DA:99,36
DA:100,0
DA:102,36
DA:103,36
DA:104,36
DA:105,36
DA:106,0
DA:108,36
DA:117,1
DA:118,60
DA:119,58
DA:133,1
DA:134,1
DA:135,36
DA:136,36
DA:137,36
DA:138,1
DA:140,630
DA:141,36
DA:142,0
DA:147,36
DA:148,36
DA:152,1
DA:154,1
DA:158,1
DA:167,1
DA:170,1
DA:171,5
DA:172,5
DA:173,5
DA:174,5
DA:176,0
DA:177,0
DA:187,1
DA:188,26
DA:189,0
DA:190,0
DA:192,26
DA:202,1
DA:203,11
DA:204,0
DA:205,0
DA:209,11
DA:212,11
DA:213,11
DA:214,11
DA:215,0
DA:218,11
DA:226,1
DA:227,16
DA:228,16
DA:229,0
DA:230,0
DA:236,1
DA:237,0
DA:238,0
DA:240,0
DA:241,0
DA:248,1
DA:249,2
DA:253,1
DA:254,4
DA:255,4
DA:256,4
DA:257,4
DA:260,4
DA:261,1
DA:263,3
DA:264,3
DA:265,1
DA:268,2
DA:269,2
DA:271,4
DA:272,2
DA:274,1
DA:275,1
DA:276,1
DA:277,1
DA:279,1
DA:280,1
DA:281,1
DA:282,1
DA:284,0
DA:289,1
DA:290,1
DA:294,1
DA:295,2
DA:296,2
DA:297,2
DA:300,2
DA:301,0
DA:303,2
DA:304,0
DA:307,2
DA:308,2
DA:310,3
DA:311,2
DA:312,1
DA:315,1
DA:316,1
DA:317,1
DA:318,1
DA:319,1
DA:320,1
DA:324,1
DA:325,1
DA:329,1
DA:330,4
DA:331,4
DA:332,4
DA:335,4
DA:336,4
DA:337,0
DA:340,4
DA:342,4
DA:353,4
DA:354,4
DA:355,4
DA:356,4
DA:357,4
DA:359,0
DA:364,1
DA:365,2
DA:368,2
DA:369,0
DA:372,2
DA:373,2
DA:375,6
DA:376,2
DA:378,1
DA:379,1
DA:381,1
DA:382,1
DA:384,1
DA:385,1
DA:386,1
DA:387,1
DA:389,0
DA:394,1
DA:395,1
DA:405,1
DA:416,1
DA:424,1
DA:425,1
DA:426,1
DA:428,1
DA:429,1
DA:430,1
DA:434,1
DA:435,2
DA:436,2
DA:437,1
DA:438,1
DA:439,1
DA:443,1
DA:467,1
DA:497,1
DA:498,1
DA:499,1
DA:500,1
DA:501,0
DA:502,0
DA:504,1
DA:512,1
DA:513,1
DA:521,1
DA:522,1
DA:523,1
DA:524,1
DA:525,1
DA:535,1
DA:536,0
DA:537,0
DA:547,0
DA:548,0
DA:549,0
DA:550,0
DA:560,1
DA:561,1
DA:562,1
DA:563,5
DA:564,5
DA:565,5
DA:566,5
DA:567,5
DA:577,1
DA:578,2
DA:579,10
DA:580,2
DA:582,1
DA:583,1
DA:584,1
DA:585,1
DA:587,1
DA:588,1
DA:589,1
DA:600,1
DA:601,3
DA:602,3
DA:603,3
DA:606,3
DA:607,3
DA:608,3
DA:609,0
DA:610,3
DA:611,0
DA:615,9
DA:616,3
DA:618,3
DA:619,3
DA:621,3
DA:622,3
DA:623,6
DA:624,6
DA:625,6
DA:627,0
DA:631,3
DA:632,9
DA:633,3
DA:634,3
DA:635,3
DA:636,3
DA:637,3
DA:638,3
DA:643,3
DA:644,3
DA:648,3
DA:649,3
DA:651,3
DA:652,3
DA:654,3
DA:668,3
DA:669,3
DA:673,1
DA:674,16
DA:675,16
DA:676,16
DA:677,16
DA:678,16
DA:679,16
DA:681,16
DA:682,16
DA:687,16
DA:689,16
DA:690,0
DA:691,0
DA:692,0
DA:694,0
DA:700,16
DA:701,16
DA:706,0
DA:707,0
DA:711,0
DA:716,0
DA:814,0
DA:815,0
DA:816,0
DA:817,0
DA:818,0
DA:819,0
DA:826,0
DA:832,0
DA:833,0
DA:834,0
DA:836,0
DA:837,0
DA:838,0
DA:840,0
DA:841,0
DA:842,0
DA:845,0
DA:847,0
DA:848,0
DA:849,0
DA:850,0
DA:851,0
DA:852,0
DA:854,0
DA:855,0
DA:856,0
DA:857,0
DA:858,0
DA:859,0
DA:860,0
DA:861,0
DA:862,0
DA:863,0
DA:865,0
DA:868,0
DA:869,0
DA:872,0
DA:880,0
DA:881,0
DA:884,0
DA:889,16
DA:890,16
DA:892,16
DA:893,11
DA:894,11
DA:897,11
DA:898,1
DA:899,1
DA:900,0
DA:901,1
DA:902,0
DA:904,1
DA:909,10
DA:910,1
DA:911,2
DA:912,1
DA:913,0
DA:914,1
DA:915,0
DA:917,1
DA:922,9
DA:923,9
DA:924,3
DA:925,3
DA:928,3
DA:930,3
DA:931,1
DA:932,2
DA:933,2
DA:935,0
DA:940,6
DA:941,1
DA:942,0
DA:943,1
DA:944,0
DA:946,1
DA:950,5
DA:951,1
DA:952,0
DA:953,1
DA:954,0
DA:956,1
DA:960,4
DA:961,1
DA:962,0
DA:963,1
DA:964,0
DA:966,1
DA:970,3
DA:971,1
DA:972,0
DA:973,1
DA:974,0
DA:976,1
DA:981,2
DA:982,1
DA:983,0
DA:985,1
DA:990,1
DA:991,1
DA:992,0
DA:994,1
DA:998,0
DA:999,0
DA:1001,0
DA:1007,5
DA:1009,5
DA:1010,1
DA:1011,3
DA:1012,3
DA:1014,1
DA:1015,0
DA:1016,1
DA:1017,1
DA:1019,0
DA:1024,4
DA:1025,1
DA:1026,4
DA:1027,4
DA:1029,1
DA:1030,0
DA:1031,1
DA:1032,1
DA:1033,0
DA:1034,0
DA:1036,0
DA:1041,3
DA:1042,3
DA:1043,3
DA:1044,2
DA:1045,2
DA:1046,2
DA:1047,1
DA:1049,1
DA:1052,1
DA:1055,0
DA:1059,1
DA:1060,1
DA:1070,1
DA:1071,0
DA:1072,0
DA:1073,0
DA:1079,1
DA:1080,0
DA:1081,0
DA:1082,0
DA:1083,0
DA:1084,0
DA:1085,0
DA:1089,1
LF:444
LH:326
BRDA:31,0,0,0
BRDA:31,0,1,11
BRDA:33,1,0,2
BRDA:33,1,1,9
BRDA:45,2,0,1
BRDA:45,2,1,1
BRDA:46,3,0,1
BRDA:46,3,1,0
BRDA:60,4,0,1
BRDA:60,4,1,1
BRDA:99,5,0,0
BRDA:99,5,1,36
BRDA:99,6,0,36
BRDA:99,6,1,0
BRDA:105,7,0,0
BRDA:105,7,1,36
BRDA:118,8,0,2
BRDA:118,8,1,58
BRDA:135,9,0,36
BRDA:135,9,1,0
BRDA:137,10,0,1
BRDA:137,10,1,35
BRDA:141,11,0,0
BRDA:141,11,1,36
BRDA:188,12,0,0
BRDA:188,12,1,26
BRDA:203,13,0,0
BRDA:203,13,1,11
BRDA:214,14,0,0
BRDA:214,14,1,11
BRDA:229,15,0,0
BRDA:229,15,1,0
BRDA:260,16,0,1
BRDA:260,16,1,3
BRDA:264,17,0,1
BRDA:264,17,1,2
BRDA:264,18,0,3
BRDA:264,18,1,3
BRDA:269,19,0,0
BRDA:269,19,1,2
BRDA:272,20,0,1
BRDA:272,20,1,1
BRDA:274,21,0,1
BRDA:274,21,1,0
BRDA:275,22,0,1
BRDA:275,22,1,0
BRDA:276,23,0,1
BRDA:276,23,1,0
BRDA:279,24,0,1
BRDA:279,24,1,0
BRDA:297,25,0,2
BRDA:297,25,1,1
BRDA:300,26,0,0
BRDA:300,26,1,2
BRDA:303,27,0,0
BRDA:303,27,1,2
BRDA:308,28,0,0
BRDA:308,28,1,2
BRDA:311,29,0,1
BRDA:311,29,1,1
BRDA:336,30,0,0
BRDA:336,30,1,4
BRDA:336,31,0,4
BRDA:336,31,1,4
BRDA:340,32,0,4
BRDA:340,32,1,0
BRDA:345,33,0,4
BRDA:345,33,1,0
BRDA:346,34,0,4
BRDA:346,34,1,0
BRDA:347,35,0,4
BRDA:347,35,1,0
BRDA:354,36,0,4
BRDA:354,36,1,0
BRDA:368,37,0,0
BRDA:368,37,1,2
BRDA:373,38,0,0
BRDA:373,38,1,2
BRDA:376,39,0,1
BRDA:376,39,1,1
BRDA:384,40,0,1
BRDA:384,40,1,0
BRDA:436,41,0,1
BRDA:436,41,1,1
BRDA:499,42,0,0
BRDA:499,42,1,1
BRDA:500,43,0,0
BRDA:500,43,1,1
BRDA:502,44,0,0
BRDA:502,44,1,0
BRDA:513,45,0,1
BRDA:513,45,1,0
BRDA:523,46,0,0
BRDA:523,46,1,1
BRDA:525,47,0,1
BRDA:525,47,1,0
BRDA:536,48,0,0
BRDA:536,48,1,0
BRDA:540,49,0,0
BRDA:540,49,1,0
BRDA:541,50,0,0
BRDA:541,50,1,0
BRDA:542,51,0,0
BRDA:542,51,1,0
BRDA:561,52,0,1
BRDA:561,52,1,0
BRDA:564,53,0,0
BRDA:564,53,1,5
BRDA:564,54,0,5
BRDA:564,54,1,0
BRDA:565,55,0,0
BRDA:565,55,1,5
BRDA:565,56,0,5
BRDA:565,56,1,0
BRDA:566,57,0,1
BRDA:566,57,1,4
BRDA:566,58,0,5
BRDA:566,58,1,5
BRDA:566,58,2,5
BRDA:578,59,0,2
BRDA:578,59,1,0
BRDA:580,60,0,1
BRDA:580,60,1,1
BRDA:585,61,0,1
BRDA:585,61,1,0
BRDA:603,62,0,0
BRDA:603,62,1,3
BRDA:603,63,0,3
BRDA:603,63,1,3
BRDA:608,64,0,0
BRDA:608,64,1,3
BRDA:610,65,0,0
BRDA:610,65,1,3
BRDA:621,66,0,3
BRDA:621,66,1,0
BRDA:623,67,0,0
BRDA:623,67,1,6
BRDA:624,68,0,6
BRDA:624,68,1,0
BRDA:625,69,0,6
BRDA:625,69,1,3
BRDA:631,70,0,3
BRDA:631,70,1,0
BRDA:631,71,0,3
BRDA:631,71,1,3
BRDA:635,72,0,3
BRDA:635,72,1,0
BRDA:635,73,0,3
BRDA:635,73,1,3
BRDA:644,74,0,3
BRDA:644,74,1,0
BRDA:648,75,0,3
BRDA:648,75,1,0
BRDA:651,76,0,3
BRDA:651,76,1,0
BRDA:652,77,0,3
BRDA:652,77,1,0
BRDA:663,78,0,3
BRDA:663,78,1,0
BRDA:681,79,0,16
BRDA:681,79,1,16
BRDA:682,80,0,16
BRDA:682,80,1,0
BRDA:689,81,0,0
BRDA:689,81,1,16
BRDA:707,82,0,0
BRDA:707,82,1,0
BRDA:708,83,0,0
BRDA:708,83,1,0
BRDA:816,84,0,0
BRDA:816,84,1,0
BRDA:817,85,0,0
BRDA:817,85,1,0
BRDA:818,86,0,0
BRDA:818,86,1,0
BRDA:820,87,0,0
BRDA:820,87,1,0
BRDA:836,88,0,0
BRDA:836,88,1,0
BRDA:836,88,2,0
BRDA:848,89,0,0
BRDA:848,89,1,0
BRDA:850,90,0,0
BRDA:850,90,1,0
BRDA:852,91,0,0
BRDA:852,91,1,0
BRDA:854,92,0,0
BRDA:854,92,1,0
BRDA:854,92,2,0
BRDA:856,93,0,0
BRDA:856,93,1,0
BRDA:858,94,0,0
BRDA:858,94,1,0
BRDA:860,95,0,0
BRDA:860,95,1,0
BRDA:862,96,0,0
BRDA:862,96,1,0
BRDA:890,97,0,16
BRDA:890,97,1,15
BRDA:892,98,0,11
BRDA:892,98,1,5
BRDA:893,99,0,11
BRDA:893,99,1,11
BRDA:893,99,2,10
BRDA:893,99,3,10
BRDA:893,99,4,10
BRDA:893,99,5,10
BRDA:893,99,6,10
BRDA:893,99,7,10
BRDA:893,99,8,10
BRDA:894,100,0,11
BRDA:894,100,1,10
BRDA:894,100,2,10
BRDA:894,100,3,9
BRDA:894,100,4,9
BRDA:894,100,5,1
BRDA:894,100,6,9
BRDA:897,101,0,1
BRDA:897,101,1,10
BRDA:897,102,0,11
BRDA:897,102,1,10
BRDA:897,102,2,10
BRDA:897,102,3,10
BRDA:897,102,4,10
BRDA:897,102,5,10
BRDA:899,103,0,0
BRDA:899,103,1,1
BRDA:901,104,0,0
BRDA:901,104,1,1
BRDA:909,105,0,1
BRDA:909,105,1,9
BRDA:909,106,0,10
BRDA:909,106,1,10
BRDA:909,106,2,9
BRDA:909,106,3,9
BRDA:909,106,4,9
BRDA:909,106,5,9
BRDA:911,107,0,1
BRDA:911,107,1,1
BRDA:912,108,0,0
BRDA:912,108,1,1
BRDA:914,109,0,0
BRDA:914,109,1,1
BRDA:923,110,0,3
BRDA:923,110,1,6
BRDA:930,111,0,1
BRDA:930,111,1,2
BRDA:932,112,0,2
BRDA:932,112,1,0
BRDA:940,113,0,1
BRDA:940,113,1,5
BRDA:940,114,0,6
BRDA:940,114,1,5
BRDA:940,114,2,5
BRDA:940,114,3,5
BRDA:940,114,4,5
BRDA:941,115,0,0
BRDA:941,115,1,1
BRDA:943,116,0,0
BRDA:943,116,1,1
BRDA:950,117,0,1
BRDA:950,117,1,4
BRDA:950,118,0,5
BRDA:950,118,1,4
BRDA:950,118,2,4
BRDA:950,118,3,4
BRDA:950,118,4,4
BRDA:950,118,5,4
BRDA:950,118,6,4
BRDA:951,119,0,0
BRDA:951,119,1,1
BRDA:953,120,0,0
BRDA:953,120,1,1
BRDA:960,121,0,1
BRDA:960,121,1,3
BRDA:960,122,0,4
BRDA:960,122,1,3
BRDA:960,122,2,3
BRDA:960,122,3,3
BRDA:960,122,4,3
BRDA:961,123,0,0
BRDA:961,123,1,1
BRDA:963,124,0,0
BRDA:963,124,1,1
BRDA:970,125,0,1
BRDA:970,125,1,2
BRDA:970,126,0,3
BRDA:970,126,1,2
BRDA:970,126,2,2
BRDA:970,126,3,2
BRDA:971,127,0,0
BRDA:971,127,1,1
BRDA:973,128,0,0
BRDA:973,128,1,1
BRDA:981,129,0,1
BRDA:981,129,1,1
BRDA:981,130,0,2
BRDA:981,130,1,1
BRDA:981,130,2,0
BRDA:981,130,3,0
BRDA:981,130,4,0
BRDA:981,130,5,0
BRDA:981,130,6,0
BRDA:982,131,0,0
BRDA:982,131,1,1
BRDA:990,132,0,1
BRDA:990,132,1,0
BRDA:990,133,0,1
BRDA:990,133,1,1
BRDA:990,133,2,1
BRDA:990,133,3,0
BRDA:990,133,4,0
BRDA:990,133,5,0
BRDA:990,133,6,0
BRDA:990,133,7,0
BRDA:991,134,0,0
BRDA:991,134,1,1
BRDA:998,135,0,0
BRDA:998,135,1,0
BRDA:1007,136,0,5
BRDA:1007,136,1,0
BRDA:1009,137,0,1
BRDA:1009,137,1,4
BRDA:1009,138,0,5
BRDA:1009,138,1,5
BRDA:1009,138,2,4
BRDA:1009,138,3,4
BRDA:1014,139,0,0
BRDA:1014,139,1,1
BRDA:1016,140,0,1
BRDA:1016,140,1,0
BRDA:1024,141,0,1
BRDA:1024,141,1,3
BRDA:1024,142,0,4
BRDA:1024,142,1,3
BRDA:1024,142,2,3
BRDA:1024,142,3,3
BRDA:1024,142,4,3
BRDA:1024,142,5,3
BRDA:1029,143,0,0
BRDA:1029,143,1,1
BRDA:1031,144,0,1
BRDA:1031,144,1,0
BRDA:1033,145,0,0
BRDA:1033,145,1,0
BRDA:1041,146,0,3
BRDA:1041,146,1,1
BRDA:1041,146,2,1
BRDA:1043,147,0,2
BRDA:1043,147,1,1
BRDA:1043,148,0,3
BRDA:1043,148,1,2
BRDA:1046,149,0,1
BRDA:1046,149,1,1
BRDA:1072,150,0,0
BRDA:1072,150,1,0
BRDA:1074,151,0,0
BRDA:1074,151,1,0
BRDA:1079,152,0,0
BRDA:1079,152,1,1
BRF:360
BRH:222
end_of_record
